{"D:\\ESPRIT\\Stages\\PFE\\CODE_SOURCE\\BACK\\STUDENTHUBBACK\\Config\\auth.config.js": {"path":"D:\\ESPRIT\\Stages\\PFE\\CODE_SOURCE\\BACK\\STUDENTHUBBACK\\Config\\auth.config.js","statementMap":{"0":{"start":{"line":1,"column":0},"end":{"line":3,"column":2}}},"fnMap":{},"branchMap":{},"s":{"0":1},"f":{},"b":{},"_coverageSchema":"1a1c01bbd47fc00a2c39e90264f33305004495a9","hash":"d1d04e1ba4e1a9b4ac0295eda8d483a4cb904616"}
,"D:\\ESPRIT\\Stages\\PFE\\CODE_SOURCE\\BACK\\STUDENTHUBBACK\\Models\\BlogModel.js": {"path":"D:\\ESPRIT\\Stages\\PFE\\CODE_SOURCE\\BACK\\STUDENTHUBBACK\\Models\\BlogModel.js","statementMap":{"0":{"start":{"line":1,"column":17},"end":{"line":1,"column":36}},"1":{"start":{"line":2,"column":15},"end":{"line":2,"column":30}},"2":{"start":{"line":4,"column":18},"end":{"line":22,"column":2}},"3":{"start":{"line":24,"column":0},"end":{"line":24,"column":51}}},"fnMap":{},"branchMap":{},"s":{"0":2,"1":2,"2":2,"3":2},"f":{},"b":{},"_coverageSchema":"1a1c01bbd47fc00a2c39e90264f33305004495a9","hash":"df22d19ea0d6efbe285910fc5e601de9f3ca0ae1"}
,"D:\\ESPRIT\\Stages\\PFE\\CODE_SOURCE\\BACK\\STUDENTHUBBACK\\Models\\ClassModel.js": {"path":"D:\\ESPRIT\\Stages\\PFE\\CODE_SOURCE\\BACK\\STUDENTHUBBACK\\Models\\ClassModel.js","statementMap":{"0":{"start":{"line":1,"column":17},"end":{"line":1,"column":36}},"1":{"start":{"line":2,"column":15},"end":{"line":2,"column":30}},"2":{"start":{"line":4,"column":17},"end":{"line":14,"column":2}},"3":{"start":{"line":16,"column":0},"end":{"line":16,"column":53}}},"fnMap":{},"branchMap":{},"s":{"0":3,"1":3,"2":3,"3":3},"f":{},"b":{},"_coverageSchema":"1a1c01bbd47fc00a2c39e90264f33305004495a9","hash":"cc709fb94f8ed74327bc6264da773ca34f518514"}
,"D:\\ESPRIT\\Stages\\PFE\\CODE_SOURCE\\BACK\\STUDENTHUBBACK\\Models\\CommentaireModel.js": {"path":"D:\\ESPRIT\\Stages\\PFE\\CODE_SOURCE\\BACK\\STUDENTHUBBACK\\Models\\CommentaireModel.js","statementMap":{"0":{"start":{"line":1,"column":17},"end":{"line":1,"column":36}},"1":{"start":{"line":2,"column":15},"end":{"line":2,"column":30}},"2":{"start":{"line":4,"column":21},"end":{"line":22,"column":2}},"3":{"start":{"line":24,"column":0},"end":{"line":24,"column":64}}},"fnMap":{},"branchMap":{},"s":{"0":3,"1":3,"2":3,"3":3},"f":{},"b":{},"_coverageSchema":"1a1c01bbd47fc00a2c39e90264f33305004495a9","hash":"4efd14bc290bf9a6a6ab22e0c62b74e21d41e317"}
,"D:\\ESPRIT\\Stages\\PFE\\CODE_SOURCE\\BACK\\STUDENTHUBBACK\\Models\\DemandeDocumentModel.js": {"path":"D:\\ESPRIT\\Stages\\PFE\\CODE_SOURCE\\BACK\\STUDENTHUBBACK\\Models\\DemandeDocumentModel.js","statementMap":{"0":{"start":{"line":1,"column":17},"end":{"line":1,"column":36}},"1":{"start":{"line":2,"column":15},"end":{"line":2,"column":30}},"2":{"start":{"line":4,"column":29},"end":{"line":17,"column":2}},"3":{"start":{"line":19,"column":0},"end":{"line":19,"column":73}}},"fnMap":{},"branchMap":{},"s":{"0":1,"1":1,"2":1,"3":1},"f":{},"b":{},"_coverageSchema":"1a1c01bbd47fc00a2c39e90264f33305004495a9","hash":"0ade7e9d1cbbbdff46fbba9298fc90b14dc0277e"}
,"D:\\ESPRIT\\Stages\\PFE\\CODE_SOURCE\\BACK\\STUDENTHUBBACK\\Models\\DocumentModel.js": {"path":"D:\\ESPRIT\\Stages\\PFE\\CODE_SOURCE\\BACK\\STUDENTHUBBACK\\Models\\DocumentModel.js","statementMap":{"0":{"start":{"line":1,"column":17},"end":{"line":1,"column":36}},"1":{"start":{"line":2,"column":15},"end":{"line":2,"column":30}},"2":{"start":{"line":4,"column":22},"end":{"line":17,"column":2}},"3":{"start":{"line":19,"column":0},"end":{"line":19,"column":59}}},"fnMap":{},"branchMap":{},"s":{"0":1,"1":1,"2":1,"3":1},"f":{},"b":{},"_coverageSchema":"1a1c01bbd47fc00a2c39e90264f33305004495a9","hash":"66868f9236694adc82076b0a24e266cdbea72d86"}
,"D:\\ESPRIT\\Stages\\PFE\\CODE_SOURCE\\BACK\\STUDENTHUBBACK\\Models\\EventModel.js": {"path":"D:\\ESPRIT\\Stages\\PFE\\CODE_SOURCE\\BACK\\STUDENTHUBBACK\\Models\\EventModel.js","statementMap":{"0":{"start":{"line":1,"column":17},"end":{"line":1,"column":36}},"1":{"start":{"line":2,"column":15},"end":{"line":2,"column":30}},"2":{"start":{"line":4,"column":19},"end":{"line":24,"column":2}},"3":{"start":{"line":26,"column":0},"end":{"line":26,"column":52}}},"fnMap":{},"branchMap":{},"s":{"0":1,"1":1,"2":1,"3":1},"f":{},"b":{},"_coverageSchema":"1a1c01bbd47fc00a2c39e90264f33305004495a9","hash":"f041f24d128d750f4d8ab16b54b8bcf8569ce6df"}
,"D:\\ESPRIT\\Stages\\PFE\\CODE_SOURCE\\BACK\\STUDENTHUBBACK\\Models\\FiliereModel.js": {"path":"D:\\ESPRIT\\Stages\\PFE\\CODE_SOURCE\\BACK\\STUDENTHUBBACK\\Models\\FiliereModel.js","statementMap":{"0":{"start":{"line":1,"column":17},"end":{"line":1,"column":36}},"1":{"start":{"line":2,"column":15},"end":{"line":2,"column":30}},"2":{"start":{"line":4,"column":18},"end":{"line":10,"column":2}},"3":{"start":{"line":12,"column":0},"end":{"line":12,"column":56}}},"fnMap":{},"branchMap":{},"s":{"0":2,"1":2,"2":2,"3":2},"f":{},"b":{},"_coverageSchema":"1a1c01bbd47fc00a2c39e90264f33305004495a9","hash":"053789fccc5212242483f4616deed5b48066cd9a"}
,"D:\\ESPRIT\\Stages\\PFE\\CODE_SOURCE\\BACK\\STUDENTHUBBACK\\Models\\MatiereModel.js": {"path":"D:\\ESPRIT\\Stages\\PFE\\CODE_SOURCE\\BACK\\STUDENTHUBBACK\\Models\\MatiereModel.js","statementMap":{"0":{"start":{"line":1,"column":17},"end":{"line":1,"column":36}},"1":{"start":{"line":2,"column":15},"end":{"line":2,"column":30}},"2":{"start":{"line":4,"column":19},"end":{"line":11,"column":2}},"3":{"start":{"line":13,"column":0},"end":{"line":13,"column":57}}},"fnMap":{},"branchMap":{},"s":{"0":2,"1":2,"2":2,"3":2},"f":{},"b":{},"_coverageSchema":"1a1c01bbd47fc00a2c39e90264f33305004495a9","hash":"7d5ed00c18f1c56fbf8c169702ef6e1027f44711"}
,"D:\\ESPRIT\\Stages\\PFE\\CODE_SOURCE\\BACK\\STUDENTHUBBACK\\Models\\NiveauModel.js": {"path":"D:\\ESPRIT\\Stages\\PFE\\CODE_SOURCE\\BACK\\STUDENTHUBBACK\\Models\\NiveauModel.js","statementMap":{"0":{"start":{"line":1,"column":17},"end":{"line":1,"column":36}},"1":{"start":{"line":2,"column":15},"end":{"line":2,"column":30}},"2":{"start":{"line":4,"column":18},"end":{"line":11,"column":2}},"3":{"start":{"line":13,"column":0},"end":{"line":13,"column":55}}},"fnMap":{},"branchMap":{},"s":{"0":3,"1":3,"2":3,"3":3},"f":{},"b":{},"_coverageSchema":"1a1c01bbd47fc00a2c39e90264f33305004495a9","hash":"bd5c3db5d2d2d52fa9167dea1556a8722a4b2359"}
,"D:\\ESPRIT\\Stages\\PFE\\CODE_SOURCE\\BACK\\STUDENTHUBBACK\\Models\\NoteModel.js": {"path":"D:\\ESPRIT\\Stages\\PFE\\CODE_SOURCE\\BACK\\STUDENTHUBBACK\\Models\\NoteModel.js","statementMap":{"0":{"start":{"line":1,"column":17},"end":{"line":1,"column":36}},"1":{"start":{"line":2,"column":15},"end":{"line":2,"column":30}},"2":{"start":{"line":4,"column":16},"end":{"line":13,"column":2}},"3":{"start":{"line":14,"column":0},"end":{"line":14,"column":51}}},"fnMap":{},"branchMap":{},"s":{"0":1,"1":1,"2":1,"3":1},"f":{},"b":{},"_coverageSchema":"1a1c01bbd47fc00a2c39e90264f33305004495a9","hash":"05646077136cdf2fad34c77b038c23b9d1e45062"}
,"D:\\ESPRIT\\Stages\\PFE\\CODE_SOURCE\\BACK\\STUDENTHUBBACK\\Models\\PeriodeModel.js": {"path":"D:\\ESPRIT\\Stages\\PFE\\CODE_SOURCE\\BACK\\STUDENTHUBBACK\\Models\\PeriodeModel.js","statementMap":{"0":{"start":{"line":1,"column":17},"end":{"line":1,"column":36}},"1":{"start":{"line":2,"column":15},"end":{"line":2,"column":30}},"2":{"start":{"line":4,"column":21},"end":{"line":12,"column":2}},"3":{"start":{"line":14,"column":0},"end":{"line":14,"column":57}}},"fnMap":{},"branchMap":{},"s":{"0":1,"1":1,"2":1,"3":1},"f":{},"b":{},"_coverageSchema":"1a1c01bbd47fc00a2c39e90264f33305004495a9","hash":"51eaa968aa308d18203ff0b331baae087a44e1eb"}
,"D:\\ESPRIT\\Stages\\PFE\\CODE_SOURCE\\BACK\\STUDENTHUBBACK\\Models\\RoleModel.js": {"path":"D:\\ESPRIT\\Stages\\PFE\\CODE_SOURCE\\BACK\\STUDENTHUBBACK\\Models\\RoleModel.js","statementMap":{"0":{"start":{"line":1,"column":17},"end":{"line":1,"column":36}},"1":{"start":{"line":2,"column":15},"end":{"line":2,"column":30}},"2":{"start":{"line":4,"column":18},"end":{"line":6,"column":2}},"3":{"start":{"line":8,"column":0},"end":{"line":8,"column":51}}},"fnMap":{},"branchMap":{},"s":{"0":2,"1":2,"2":2,"3":2},"f":{},"b":{},"_coverageSchema":"1a1c01bbd47fc00a2c39e90264f33305004495a9","hash":"1bab00acbeab2ed0bdad5969193bb37e7f86766c"}
,"D:\\ESPRIT\\Stages\\PFE\\CODE_SOURCE\\BACK\\STUDENTHUBBACK\\Models\\SalleModel.js": {"path":"D:\\ESPRIT\\Stages\\PFE\\CODE_SOURCE\\BACK\\STUDENTHUBBACK\\Models\\SalleModel.js","statementMap":{"0":{"start":{"line":1,"column":17},"end":{"line":1,"column":36}},"1":{"start":{"line":2,"column":15},"end":{"line":2,"column":30}},"2":{"start":{"line":4,"column":17},"end":{"line":12,"column":2}},"3":{"start":{"line":14,"column":0},"end":{"line":14,"column":53}}},"fnMap":{},"branchMap":{},"s":{"0":2,"1":2,"2":2,"3":2},"f":{},"b":{},"_coverageSchema":"1a1c01bbd47fc00a2c39e90264f33305004495a9","hash":"92e71c2a28385cbddfce81dffb05dbcff5df8f90"}
,"D:\\ESPRIT\\Stages\\PFE\\CODE_SOURCE\\BACK\\STUDENTHUBBACK\\Models\\SeanceModel.js": {"path":"D:\\ESPRIT\\Stages\\PFE\\CODE_SOURCE\\BACK\\STUDENTHUBBACK\\Models\\SeanceModel.js","statementMap":{"0":{"start":{"line":1,"column":17},"end":{"line":1,"column":36}},"1":{"start":{"line":2,"column":15},"end":{"line":2,"column":30}},"2":{"start":{"line":4,"column":18},"end":{"line":29,"column":2}},"3":{"start":{"line":31,"column":0},"end":{"line":31,"column":55}}},"fnMap":{},"branchMap":{},"s":{"0":1,"1":1,"2":1,"3":1},"f":{},"b":{},"_coverageSchema":"1a1c01bbd47fc00a2c39e90264f33305004495a9","hash":"3e0e9bd07928e64b51f7c6eae4271ed4ec8f953c"}
,"D:\\ESPRIT\\Stages\\PFE\\CODE_SOURCE\\BACK\\STUDENTHUBBACK\\Models\\SexModel.js": {"path":"D:\\ESPRIT\\Stages\\PFE\\CODE_SOURCE\\BACK\\STUDENTHUBBACK\\Models\\SexModel.js","statementMap":{"0":{"start":{"line":1,"column":12},"end":{"line":5,"column":1}}},"fnMap":{},"branchMap":{},"s":{"0":12},"f":{},"b":{},"_coverageSchema":"1a1c01bbd47fc00a2c39e90264f33305004495a9","hash":"1054800fa628bfd41e2a1ee304ed71bdbf493260"}
,"D:\\ESPRIT\\Stages\\PFE\\CODE_SOURCE\\BACK\\STUDENTHUBBACK\\Models\\SpecialiteModel.js": {"path":"D:\\ESPRIT\\Stages\\PFE\\CODE_SOURCE\\BACK\\STUDENTHUBBACK\\Models\\SpecialiteModel.js","statementMap":{"0":{"start":{"line":1,"column":17},"end":{"line":1,"column":36}},"1":{"start":{"line":2,"column":15},"end":{"line":2,"column":30}},"2":{"start":{"line":4,"column":22},"end":{"line":11,"column":2}},"3":{"start":{"line":13,"column":0},"end":{"line":13,"column":63}}},"fnMap":{},"branchMap":{},"s":{"0":3,"1":3,"2":3,"3":3},"f":{},"b":{},"_coverageSchema":"1a1c01bbd47fc00a2c39e90264f33305004495a9","hash":"fa2ab50c8b7db9144ed4090e8f500ccffedc15d8"}
,"D:\\ESPRIT\\Stages\\PFE\\CODE_SOURCE\\BACK\\STUDENTHUBBACK\\Models\\UserModel.js": {"path":"D:\\ESPRIT\\Stages\\PFE\\CODE_SOURCE\\BACK\\STUDENTHUBBACK\\Models\\UserModel.js","statementMap":{"0":{"start":{"line":1,"column":17},"end":{"line":1,"column":36}},"1":{"start":{"line":2,"column":15},"end":{"line":2,"column":30}},"2":{"start":{"line":3,"column":12},"end":{"line":3,"column":33}},"3":{"start":{"line":5,"column":18},"end":{"line":52,"column":2}},"4":{"start":{"line":54,"column":0},"end":{"line":54,"column":51}}},"fnMap":{},"branchMap":{},"s":{"0":12,"1":12,"2":12,"3":12,"4":12},"f":{},"b":{},"_coverageSchema":"1a1c01bbd47fc00a2c39e90264f33305004495a9","hash":"db73e20bed2446be9e87ff331e57f8a69a1486d4"}
,"D:\\ESPRIT\\Stages\\PFE\\CODE_SOURCE\\BACK\\STUDENTHUBBACK\\Routes\\BlogRouter.js": {"path":"D:\\ESPRIT\\Stages\\PFE\\CODE_SOURCE\\BACK\\STUDENTHUBBACK\\Routes\\BlogRouter.js","statementMap":{"0":{"start":{"line":1,"column":16},"end":{"line":1,"column":34}},"1":{"start":{"line":2,"column":19},"end":{"line":2,"column":35}},"2":{"start":{"line":3,"column":13},"end":{"line":3,"column":43}},"3":{"start":{"line":4,"column":13},"end":{"line":4,"column":43}},"4":{"start":{"line":5,"column":20},"end":{"line":5,"column":57}},"5":{"start":{"line":6,"column":15},"end":{"line":6,"column":32}},"6":{"start":{"line":8,"column":16},"end":{"line":15,"column":2}},"7":{"start":{"line":10,"column":4},"end":{"line":10,"column":30}},"8":{"start":{"line":13,"column":4},"end":{"line":13,"column":32}},"9":{"start":{"line":17,"column":19},"end":{"line":28,"column":1}},"10":{"start":{"line":18,"column":2},"end":{"line":27,"column":3}},"11":{"start":{"line":24,"column":4},"end":{"line":24,"column":19}},"12":{"start":{"line":26,"column":4},"end":{"line":26,"column":78}},"13":{"start":{"line":30,"column":14},"end":{"line":36,"column":2}},"14":{"start":{"line":38,"column":0},"end":{"line":47,"column":3}},"15":{"start":{"line":39,"column":2},"end":{"line":46,"column":74}},"16":{"start":{"line":40,"column":4},"end":{"line":45,"column":5}},"17":{"start":{"line":41,"column":6},"end":{"line":41,"column":22}},"18":{"start":{"line":42,"column":6},"end":{"line":42,"column":32}},"19":{"start":{"line":44,"column":6},"end":{"line":44,"column":34}},"20":{"start":{"line":50,"column":0},"end":{"line":65,"column":3}},"21":{"start":{"line":51,"column":2},"end":{"line":64,"column":4}},"22":{"start":{"line":52,"column":17},"end":{"line":57,"column":6}},"23":{"start":{"line":58,"column":4},"end":{"line":63,"column":5}},"24":{"start":{"line":59,"column":6},"end":{"line":59,"column":21}},"25":{"start":{"line":61,"column":6},"end":{"line":61,"column":18}},"26":{"start":{"line":62,"column":6},"end":{"line":62,"column":39}},"27":{"start":{"line":68,"column":0},"end":{"line":83,"column":3}},"28":{"start":{"line":69,"column":2},"end":{"line":82,"column":4}},"29":{"start":{"line":70,"column":17},"end":{"line":75,"column":6}},"30":{"start":{"line":76,"column":4},"end":{"line":81,"column":5}},"31":{"start":{"line":77,"column":6},"end":{"line":77,"column":21}},"32":{"start":{"line":79,"column":6},"end":{"line":79,"column":18}},"33":{"start":{"line":80,"column":6},"end":{"line":80,"column":39}},"34":{"start":{"line":86,"column":0},"end":{"line":97,"column":3}},"35":{"start":{"line":87,"column":2},"end":{"line":96,"column":5}},"36":{"start":{"line":88,"column":4},"end":{"line":88,"column":39}},"37":{"start":{"line":89,"column":4},"end":{"line":89,"column":25}},"38":{"start":{"line":90,"column":4},"end":{"line":90,"column":16}},"39":{"start":{"line":91,"column":4},"end":{"line":95,"column":5}},"40":{"start":{"line":92,"column":6},"end":{"line":92,"column":32}},"41":{"start":{"line":94,"column":6},"end":{"line":94,"column":33}},"42":{"start":{"line":100,"column":0},"end":{"line":115,"column":3}},"43":{"start":{"line":101,"column":2},"end":{"line":114,"column":5}},"44":{"start":{"line":102,"column":4},"end":{"line":112,"column":5}},"45":{"start":{"line":103,"column":6},"end":{"line":105,"column":50}},"46":{"start":{"line":106,"column":6},"end":{"line":106,"column":18}},"47":{"start":{"line":107,"column":6},"end":{"line":107,"column":22}},"48":{"start":{"line":109,"column":6},"end":{"line":109,"column":32}},"49":{"start":{"line":110,"column":6},"end":{"line":110,"column":18}},"50":{"start":{"line":111,"column":6},"end":{"line":111,"column":22}},"51":{"start":{"line":113,"column":4},"end":{"line":113,"column":19}},"52":{"start":{"line":118,"column":0},"end":{"line":127,"column":3}},"53":{"start":{"line":119,"column":2},"end":{"line":126,"column":49}},"54":{"start":{"line":120,"column":4},"end":{"line":125,"column":5}},"55":{"start":{"line":121,"column":6},"end":{"line":121,"column":32}},"56":{"start":{"line":122,"column":6},"end":{"line":122,"column":23}},"57":{"start":{"line":124,"column":6},"end":{"line":124,"column":33}},"58":{"start":{"line":130,"column":0},"end":{"line":138,"column":3}},"59":{"start":{"line":131,"column":2},"end":{"line":137,"column":42}},"60":{"start":{"line":132,"column":4},"end":{"line":136,"column":5}},"61":{"start":{"line":133,"column":6},"end":{"line":133,"column":32}},"62":{"start":{"line":135,"column":6},"end":{"line":135,"column":21}},"63":{"start":{"line":141,"column":0},"end":{"line":155,"column":3}},"64":{"start":{"line":142,"column":2},"end":{"line":154,"column":5}},"65":{"start":{"line":143,"column":4},"end":{"line":153,"column":5}},"66":{"start":{"line":144,"column":6},"end":{"line":144,"column":32}},"67":{"start":{"line":146,"column":6},"end":{"line":152,"column":9}},"68":{"start":{"line":147,"column":8},"end":{"line":151,"column":9}},"69":{"start":{"line":148,"column":10},"end":{"line":148,"column":36}},"70":{"start":{"line":150,"column":10},"end":{"line":150,"column":37}},"71":{"start":{"line":158,"column":0},"end":{"line":166,"column":3}},"72":{"start":{"line":159,"column":4},"end":{"line":165,"column":7}},"73":{"start":{"line":160,"column":8},"end":{"line":164,"column":9}},"74":{"start":{"line":161,"column":12},"end":{"line":161,"column":27}},"75":{"start":{"line":163,"column":12},"end":{"line":163,"column":48}},"76":{"start":{"line":169,"column":0},"end":{"line":177,"column":3}},"77":{"start":{"line":170,"column":4},"end":{"line":176,"column":7}},"78":{"start":{"line":171,"column":8},"end":{"line":175,"column":9}},"79":{"start":{"line":172,"column":12},"end":{"line":172,"column":27}},"80":{"start":{"line":174,"column":12},"end":{"line":174,"column":48}},"81":{"start":{"line":180,"column":0},"end":{"line":190,"column":3}},"82":{"start":{"line":181,"column":2},"end":{"line":189,"column":5}},"83":{"start":{"line":182,"column":4},"end":{"line":188,"column":5}},"84":{"start":{"line":183,"column":6},"end":{"line":183,"column":21}},"85":{"start":{"line":185,"column":6},"end":{"line":185,"column":32}},"86":{"start":{"line":186,"column":6},"end":{"line":186,"column":18}},"87":{"start":{"line":187,"column":6},"end":{"line":187,"column":33}},"88":{"start":{"line":193,"column":0},"end":{"line":203,"column":3}},"89":{"start":{"line":194,"column":2},"end":{"line":202,"column":5}},"90":{"start":{"line":195,"column":4},"end":{"line":201,"column":5}},"91":{"start":{"line":196,"column":6},"end":{"line":196,"column":21}},"92":{"start":{"line":198,"column":6},"end":{"line":198,"column":32}},"93":{"start":{"line":199,"column":6},"end":{"line":199,"column":18}},"94":{"start":{"line":200,"column":6},"end":{"line":200,"column":33}},"95":{"start":{"line":206,"column":0},"end":{"line":217,"column":3}},"96":{"start":{"line":207,"column":4},"end":{"line":216,"column":29}},"97":{"start":{"line":208,"column":6},"end":{"line":214,"column":7}},"98":{"start":{"line":209,"column":8},"end":{"line":209,"column":37}},"99":{"start":{"line":210,"column":8},"end":{"line":210,"column":20}},"100":{"start":{"line":211,"column":8},"end":{"line":211,"column":23}},"101":{"start":{"line":213,"column":8},"end":{"line":213,"column":82}},"102":{"start":{"line":219,"column":0},"end":{"line":219,"column":28}}},"fnMap":{"0":{"name":"(anonymous_0)","decl":{"start":{"line":9,"column":15},"end":{"line":9,"column":16}},"loc":{"start":{"line":9,"column":40},"end":{"line":11,"column":3}},"line":9},"1":{"name":"(anonymous_1)","decl":{"start":{"line":12,"column":12},"end":{"line":12,"column":13}},"loc":{"start":{"line":12,"column":37},"end":{"line":14,"column":3}},"line":12},"2":{"name":"(anonymous_2)","decl":{"start":{"line":17,"column":19},"end":{"line":17,"column":20}},"loc":{"start":{"line":17,"column":38},"end":{"line":28,"column":1}},"line":17},"3":{"name":"(anonymous_3)","decl":{"start":{"line":38,"column":32},"end":{"line":38,"column":33}},"loc":{"start":{"line":38,"column":46},"end":{"line":47,"column":1}},"line":38},"4":{"name":"(anonymous_4)","decl":{"start":{"line":39,"column":30},"end":{"line":39,"column":31}},"loc":{"start":{"line":39,"column":46},"end":{"line":46,"column":3}},"line":39},"5":{"name":"(anonymous_5)","decl":{"start":{"line":50,"column":42},"end":{"line":50,"column":43}},"loc":{"start":{"line":50,"column":56},"end":{"line":65,"column":1}},"line":50},"6":{"name":"(anonymous_6)","decl":{"start":{"line":51,"column":35},"end":{"line":51,"column":36}},"loc":{"start":{"line":51,"column":47},"end":{"line":64,"column":3}},"line":51},"7":{"name":"(anonymous_7)","decl":{"start":{"line":68,"column":46},"end":{"line":68,"column":47}},"loc":{"start":{"line":68,"column":60},"end":{"line":83,"column":1}},"line":68},"8":{"name":"(anonymous_8)","decl":{"start":{"line":69,"column":35},"end":{"line":69,"column":36}},"loc":{"start":{"line":69,"column":47},"end":{"line":82,"column":3}},"line":69},"9":{"name":"(anonymous_9)","decl":{"start":{"line":86,"column":62},"end":{"line":86,"column":63}},"loc":{"start":{"line":86,"column":76},"end":{"line":97,"column":1}},"line":86},"10":{"name":"(anonymous_10)","decl":{"start":{"line":87,"column":35},"end":{"line":87,"column":36}},"loc":{"start":{"line":87,"column":50},"end":{"line":96,"column":3}},"line":87},"11":{"name":"(anonymous_11)","decl":{"start":{"line":100,"column":40},"end":{"line":100,"column":41}},"loc":{"start":{"line":100,"column":54},"end":{"line":115,"column":1}},"line":100},"12":{"name":"(anonymous_12)","decl":{"start":{"line":101,"column":35},"end":{"line":101,"column":36}},"loc":{"start":{"line":101,"column":50},"end":{"line":114,"column":3}},"line":101},"13":{"name":"(anonymous_13)","decl":{"start":{"line":118,"column":41},"end":{"line":118,"column":42}},"loc":{"start":{"line":118,"column":55},"end":{"line":127,"column":1}},"line":118},"14":{"name":"(anonymous_14)","decl":{"start":{"line":119,"column":35},"end":{"line":119,"column":36}},"loc":{"start":{"line":119,"column":50},"end":{"line":126,"column":3}},"line":119},"15":{"name":"(anonymous_15)","decl":{"start":{"line":130,"column":45},"end":{"line":130,"column":46}},"loc":{"start":{"line":130,"column":59},"end":{"line":138,"column":1}},"line":130},"16":{"name":"(anonymous_16)","decl":{"start":{"line":131,"column":39},"end":{"line":131,"column":40}},"loc":{"start":{"line":131,"column":54},"end":{"line":137,"column":3}},"line":131},"17":{"name":"(anonymous_17)","decl":{"start":{"line":141,"column":43},"end":{"line":141,"column":44}},"loc":{"start":{"line":141,"column":57},"end":{"line":155,"column":1}},"line":141},"18":{"name":"(anonymous_18)","decl":{"start":{"line":142,"column":45},"end":{"line":142,"column":46}},"loc":{"start":{"line":142,"column":60},"end":{"line":154,"column":3}},"line":142},"19":{"name":"(anonymous_19)","decl":{"start":{"line":146,"column":56},"end":{"line":146,"column":57}},"loc":{"start":{"line":146,"column":79},"end":{"line":152,"column":7}},"line":146},"20":{"name":"(anonymous_20)","decl":{"start":{"line":158,"column":51},"end":{"line":158,"column":52}},"loc":{"start":{"line":158,"column":65},"end":{"line":166,"column":1}},"line":158},"21":{"name":"(anonymous_21)","decl":{"start":{"line":159,"column":41},"end":{"line":159,"column":42}},"loc":{"start":{"line":159,"column":58},"end":{"line":165,"column":5}},"line":159},"22":{"name":"(anonymous_22)","decl":{"start":{"line":169,"column":35},"end":{"line":169,"column":36}},"loc":{"start":{"line":169,"column":49},"end":{"line":177,"column":1}},"line":169},"23":{"name":"(anonymous_23)","decl":{"start":{"line":170,"column":18},"end":{"line":170,"column":19}},"loc":{"start":{"line":170,"column":35},"end":{"line":176,"column":5}},"line":170},"24":{"name":"(anonymous_24)","decl":{"start":{"line":180,"column":42},"end":{"line":180,"column":43}},"loc":{"start":{"line":180,"column":56},"end":{"line":190,"column":1}},"line":180},"25":{"name":"(anonymous_25)","decl":{"start":{"line":181,"column":60},"end":{"line":181,"column":61}},"loc":{"start":{"line":181,"column":75},"end":{"line":189,"column":3}},"line":181},"26":{"name":"(anonymous_26)","decl":{"start":{"line":193,"column":45},"end":{"line":193,"column":46}},"loc":{"start":{"line":193,"column":59},"end":{"line":203,"column":1}},"line":193},"27":{"name":"(anonymous_27)","decl":{"start":{"line":194,"column":60},"end":{"line":194,"column":61}},"loc":{"start":{"line":194,"column":75},"end":{"line":202,"column":3}},"line":194},"28":{"name":"(anonymous_28)","decl":{"start":{"line":206,"column":41},"end":{"line":206,"column":42}},"loc":{"start":{"line":206,"column":55},"end":{"line":217,"column":1}},"line":206},"29":{"name":"(anonymous_29)","decl":{"start":{"line":207,"column":62},"end":{"line":207,"column":63}},"loc":{"start":{"line":207,"column":77},"end":{"line":215,"column":5}},"line":207}},"branchMap":{"0":{"loc":{"start":{"line":18,"column":2},"end":{"line":27,"column":3}},"type":"if","locations":[{"start":{"line":18,"column":2},"end":{"line":27,"column":3}},{"start":{"line":25,"column":9},"end":{"line":27,"column":3}}],"line":18},"1":{"loc":{"start":{"line":19,"column":4},"end":{"line":22,"column":33}},"type":"binary-expr","locations":[{"start":{"line":19,"column":4},"end":{"line":19,"column":34}},{"start":{"line":20,"column":4},"end":{"line":20,"column":33}},{"start":{"line":21,"column":4},"end":{"line":21,"column":34}},{"start":{"line":22,"column":4},"end":{"line":22,"column":33}}],"line":19},"2":{"loc":{"start":{"line":40,"column":4},"end":{"line":45,"column":5}},"type":"if","locations":[{"start":{"line":40,"column":4},"end":{"line":45,"column":5}},{"start":{"line":43,"column":11},"end":{"line":45,"column":5}}],"line":40},"3":{"loc":{"start":{"line":58,"column":4},"end":{"line":63,"column":5}},"type":"if","locations":[{"start":{"line":58,"column":4},"end":{"line":63,"column":5}},{"start":{"line":60,"column":11},"end":{"line":63,"column":5}}],"line":58},"4":{"loc":{"start":{"line":76,"column":4},"end":{"line":81,"column":5}},"type":"if","locations":[{"start":{"line":76,"column":4},"end":{"line":81,"column":5}},{"start":{"line":78,"column":11},"end":{"line":81,"column":5}}],"line":76},"5":{"loc":{"start":{"line":91,"column":4},"end":{"line":95,"column":5}},"type":"if","locations":[{"start":{"line":91,"column":4},"end":{"line":95,"column":5}},{"start":{"line":93,"column":11},"end":{"line":95,"column":5}}],"line":91},"6":{"loc":{"start":{"line":102,"column":4},"end":{"line":112,"column":5}},"type":"if","locations":[{"start":{"line":102,"column":4},"end":{"line":112,"column":5}},{"start":{"line":108,"column":11},"end":{"line":112,"column":5}}],"line":102},"7":{"loc":{"start":{"line":120,"column":4},"end":{"line":125,"column":5}},"type":"if","locations":[{"start":{"line":120,"column":4},"end":{"line":125,"column":5}},{"start":{"line":123,"column":11},"end":{"line":125,"column":5}}],"line":120},"8":{"loc":{"start":{"line":132,"column":4},"end":{"line":136,"column":5}},"type":"if","locations":[{"start":{"line":132,"column":4},"end":{"line":136,"column":5}},{"start":{"line":134,"column":11},"end":{"line":136,"column":5}}],"line":132},"9":{"loc":{"start":{"line":143,"column":4},"end":{"line":153,"column":5}},"type":"if","locations":[{"start":{"line":143,"column":4},"end":{"line":153,"column":5}},{"start":{"line":145,"column":11},"end":{"line":153,"column":5}}],"line":143},"10":{"loc":{"start":{"line":147,"column":8},"end":{"line":151,"column":9}},"type":"if","locations":[{"start":{"line":147,"column":8},"end":{"line":151,"column":9}},{"start":{"line":149,"column":15},"end":{"line":151,"column":9}}],"line":147},"11":{"loc":{"start":{"line":160,"column":8},"end":{"line":164,"column":9}},"type":"if","locations":[{"start":{"line":160,"column":8},"end":{"line":164,"column":9}},{"start":{"line":162,"column":15},"end":{"line":164,"column":9}}],"line":160},"12":{"loc":{"start":{"line":171,"column":8},"end":{"line":175,"column":9}},"type":"if","locations":[{"start":{"line":171,"column":8},"end":{"line":175,"column":9}},{"start":{"line":173,"column":15},"end":{"line":175,"column":9}}],"line":171},"13":{"loc":{"start":{"line":182,"column":4},"end":{"line":188,"column":5}},"type":"if","locations":[{"start":{"line":182,"column":4},"end":{"line":188,"column":5}},{"start":{"line":184,"column":11},"end":{"line":188,"column":5}}],"line":182},"14":{"loc":{"start":{"line":195,"column":4},"end":{"line":201,"column":5}},"type":"if","locations":[{"start":{"line":195,"column":4},"end":{"line":201,"column":5}},{"start":{"line":197,"column":11},"end":{"line":201,"column":5}}],"line":195},"15":{"loc":{"start":{"line":208,"column":6},"end":{"line":214,"column":7}},"type":"if","locations":[{"start":{"line":208,"column":6},"end":{"line":214,"column":7}},{"start":{"line":212,"column":13},"end":{"line":214,"column":7}}],"line":208}},"s":{"0":1,"1":1,"2":1,"3":1,"4":1,"5":1,"6":1,"7":0,"8":0,"9":1,"10":0,"11":0,"12":0,"13":1,"14":1,"15":0,"16":0,"17":0,"18":0,"19":0,"20":1,"21":0,"22":0,"23":0,"24":0,"25":0,"26":0,"27":1,"28":0,"29":0,"30":0,"31":0,"32":0,"33":0,"34":1,"35":0,"36":0,"37":0,"38":0,"39":0,"40":0,"41":0,"42":1,"43":0,"44":0,"45":0,"46":0,"47":0,"48":0,"49":0,"50":0,"51":0,"52":1,"53":0,"54":0,"55":0,"56":0,"57":0,"58":1,"59":0,"60":0,"61":0,"62":0,"63":1,"64":0,"65":0,"66":0,"67":0,"68":0,"69":0,"70":0,"71":1,"72":0,"73":0,"74":0,"75":0,"76":1,"77":0,"78":0,"79":0,"80":0,"81":1,"82":0,"83":0,"84":0,"85":0,"86":0,"87":0,"88":1,"89":0,"90":0,"91":0,"92":0,"93":0,"94":0,"95":1,"96":0,"97":0,"98":0,"99":0,"100":0,"101":0,"102":1},"f":{"0":0,"1":0,"2":0,"3":0,"4":0,"5":0,"6":0,"7":0,"8":0,"9":0,"10":0,"11":0,"12":0,"13":0,"14":0,"15":0,"16":0,"17":0,"18":0,"19":0,"20":0,"21":0,"22":0,"23":0,"24":0,"25":0,"26":0,"27":0,"28":0,"29":0},"b":{"0":[0,0],"1":[0,0,0,0],"2":[0,0],"3":[0,0],"4":[0,0],"5":[0,0],"6":[0,0],"7":[0,0],"8":[0,0],"9":[0,0],"10":[0,0],"11":[0,0],"12":[0,0],"13":[0,0],"14":[0,0],"15":[0,0]},"_coverageSchema":"1a1c01bbd47fc00a2c39e90264f33305004495a9","hash":"ea1d620e6a63ae565a52088c7f23f742f79547e0"}
,"D:\\ESPRIT\\Stages\\PFE\\CODE_SOURCE\\BACK\\STUDENTHUBBACK\\Routes\\ClassRouter.js": {"path":"D:\\ESPRIT\\Stages\\PFE\\CODE_SOURCE\\BACK\\STUDENTHUBBACK\\Routes\\ClassRouter.js","statementMap":{"0":{"start":{"line":1,"column":16},"end":{"line":1,"column":34}},"1":{"start":{"line":2,"column":20},"end":{"line":2,"column":36}},"2":{"start":{"line":3,"column":14},"end":{"line":3,"column":45}},"3":{"start":{"line":4,"column":15},"end":{"line":4,"column":47}},"4":{"start":{"line":5,"column":13},"end":{"line":5,"column":43}},"5":{"start":{"line":6,"column":15},"end":{"line":6,"column":49}},"6":{"start":{"line":9,"column":0},"end":{"line":17,"column":3}},"7":{"start":{"line":10,"column":4},"end":{"line":16,"column":26}},"8":{"start":{"line":11,"column":8},"end":{"line":15,"column":9}},"9":{"start":{"line":12,"column":12},"end":{"line":12,"column":38}},"10":{"start":{"line":14,"column":12},"end":{"line":14,"column":41}},"11":{"start":{"line":20,"column":0},"end":{"line":28,"column":3}},"12":{"start":{"line":21,"column":4},"end":{"line":27,"column":26}},"13":{"start":{"line":22,"column":8},"end":{"line":26,"column":9}},"14":{"start":{"line":23,"column":12},"end":{"line":23,"column":38}},"15":{"start":{"line":25,"column":12},"end":{"line":25,"column":41}},"16":{"start":{"line":31,"column":0},"end":{"line":45,"column":3}},"17":{"start":{"line":32,"column":4},"end":{"line":44,"column":7}},"18":{"start":{"line":33,"column":8},"end":{"line":43,"column":9}},"19":{"start":{"line":34,"column":12},"end":{"line":34,"column":38}},"20":{"start":{"line":36,"column":27},"end":{"line":40,"column":10}},"21":{"start":{"line":41,"column":8},"end":{"line":41,"column":22}},"22":{"start":{"line":42,"column":8},"end":{"line":42,"column":36}},"23":{"start":{"line":48,"column":0},"end":{"line":56,"column":3}},"24":{"start":{"line":49,"column":4},"end":{"line":55,"column":26}},"25":{"start":{"line":50,"column":8},"end":{"line":54,"column":9}},"26":{"start":{"line":51,"column":12},"end":{"line":51,"column":38}},"27":{"start":{"line":53,"column":12},"end":{"line":53,"column":47}},"28":{"start":{"line":59,"column":0},"end":{"line":67,"column":3}},"29":{"start":{"line":60,"column":4},"end":{"line":66,"column":26}},"30":{"start":{"line":61,"column":8},"end":{"line":65,"column":9}},"31":{"start":{"line":62,"column":12},"end":{"line":62,"column":38}},"32":{"start":{"line":64,"column":12},"end":{"line":64,"column":47}},"33":{"start":{"line":70,"column":0},"end":{"line":78,"column":3}},"34":{"start":{"line":71,"column":4},"end":{"line":77,"column":7}},"35":{"start":{"line":72,"column":8},"end":{"line":76,"column":9}},"36":{"start":{"line":73,"column":12},"end":{"line":73,"column":27}},"37":{"start":{"line":75,"column":12},"end":{"line":75,"column":48}},"38":{"start":{"line":81,"column":0},"end":{"line":89,"column":3}},"39":{"start":{"line":82,"column":4},"end":{"line":88,"column":7}},"40":{"start":{"line":83,"column":8},"end":{"line":87,"column":9}},"41":{"start":{"line":84,"column":12},"end":{"line":84,"column":27}},"42":{"start":{"line":86,"column":12},"end":{"line":86,"column":48}},"43":{"start":{"line":92,"column":0},"end":{"line":111,"column":3}},"44":{"start":{"line":93,"column":4},"end":{"line":110,"column":5}},"45":{"start":{"line":94,"column":8},"end":{"line":94,"column":95}},"46":{"start":{"line":96,"column":8},"end":{"line":109,"column":29}},"47":{"start":{"line":103,"column":16},"end":{"line":107,"column":17}},"48":{"start":{"line":104,"column":20},"end":{"line":104,"column":34}},"49":{"start":{"line":106,"column":20},"end":{"line":106,"column":94}},"50":{"start":{"line":114,"column":0},"end":{"line":128,"column":3}},"51":{"start":{"line":115,"column":2},"end":{"line":127,"column":5}},"52":{"start":{"line":116,"column":4},"end":{"line":126,"column":5}},"53":{"start":{"line":117,"column":6},"end":{"line":117,"column":32}},"54":{"start":{"line":119,"column":6},"end":{"line":125,"column":9}},"55":{"start":{"line":120,"column":8},"end":{"line":124,"column":9}},"56":{"start":{"line":121,"column":10},"end":{"line":121,"column":36}},"57":{"start":{"line":123,"column":10},"end":{"line":123,"column":63}},"58":{"start":{"line":131,"column":0},"end":{"line":131,"column":29}}},"fnMap":{"0":{"name":"(anonymous_0)","decl":{"start":{"line":9,"column":33},"end":{"line":9,"column":34}},"loc":{"start":{"line":9,"column":47},"end":{"line":17,"column":1}},"line":9},"1":{"name":"(anonymous_1)","decl":{"start":{"line":10,"column":19},"end":{"line":10,"column":20}},"loc":{"start":{"line":10,"column":35},"end":{"line":16,"column":5}},"line":10},"2":{"name":"(anonymous_2)","decl":{"start":{"line":20,"column":48},"end":{"line":20,"column":49}},"loc":{"start":{"line":20,"column":62},"end":{"line":28,"column":1}},"line":20},"3":{"name":"(anonymous_3)","decl":{"start":{"line":21,"column":39},"end":{"line":21,"column":40}},"loc":{"start":{"line":21,"column":55},"end":{"line":27,"column":5}},"line":21},"4":{"name":"(anonymous_4)","decl":{"start":{"line":31,"column":60},"end":{"line":31,"column":61}},"loc":{"start":{"line":31,"column":74},"end":{"line":45,"column":1}},"line":31},"5":{"name":"(anonymous_5)","decl":{"start":{"line":32,"column":41},"end":{"line":32,"column":42}},"loc":{"start":{"line":32,"column":55},"end":{"line":44,"column":5}},"line":32},"6":{"name":"(anonymous_6)","decl":{"start":{"line":48,"column":55},"end":{"line":48,"column":56}},"loc":{"start":{"line":48,"column":66},"end":{"line":56,"column":1}},"line":48},"7":{"name":"(anonymous_7)","decl":{"start":{"line":49,"column":45},"end":{"line":49,"column":46}},"loc":{"start":{"line":49,"column":60},"end":{"line":55,"column":5}},"line":49},"8":{"name":"(anonymous_8)","decl":{"start":{"line":59,"column":63},"end":{"line":59,"column":64}},"loc":{"start":{"line":59,"column":74},"end":{"line":67,"column":1}},"line":59},"9":{"name":"(anonymous_9)","decl":{"start":{"line":60,"column":53},"end":{"line":60,"column":54}},"loc":{"start":{"line":60,"column":68},"end":{"line":66,"column":5}},"line":60},"10":{"name":"(anonymous_10)","decl":{"start":{"line":70,"column":57},"end":{"line":70,"column":58}},"loc":{"start":{"line":70,"column":76},"end":{"line":78,"column":1}},"line":70},"11":{"name":"(anonymous_11)","decl":{"start":{"line":71,"column":46},"end":{"line":71,"column":47}},"loc":{"start":{"line":71,"column":63},"end":{"line":77,"column":5}},"line":71},"12":{"name":"(anonymous_12)","decl":{"start":{"line":81,"column":37},"end":{"line":81,"column":38}},"loc":{"start":{"line":81,"column":56},"end":{"line":89,"column":1}},"line":81},"13":{"name":"(anonymous_13)","decl":{"start":{"line":82,"column":19},"end":{"line":82,"column":20}},"loc":{"start":{"line":82,"column":36},"end":{"line":88,"column":5}},"line":82},"14":{"name":"(anonymous_14)","decl":{"start":{"line":92,"column":42},"end":{"line":92,"column":43}},"loc":{"start":{"line":92,"column":56},"end":{"line":111,"column":1}},"line":92},"15":{"name":"(anonymous_15)","decl":{"start":{"line":102,"column":14},"end":{"line":102,"column":15}},"loc":{"start":{"line":102,"column":28},"end":{"line":108,"column":13}},"line":102},"16":{"name":"(anonymous_16)","decl":{"start":{"line":114,"column":45},"end":{"line":114,"column":46}},"loc":{"start":{"line":114,"column":59},"end":{"line":128,"column":1}},"line":114},"17":{"name":"(anonymous_17)","decl":{"start":{"line":115,"column":47},"end":{"line":115,"column":48}},"loc":{"start":{"line":115,"column":64},"end":{"line":127,"column":3}},"line":115},"18":{"name":"(anonymous_18)","decl":{"start":{"line":119,"column":51},"end":{"line":119,"column":52}},"loc":{"start":{"line":119,"column":67},"end":{"line":125,"column":7}},"line":119}},"branchMap":{"0":{"loc":{"start":{"line":11,"column":8},"end":{"line":15,"column":9}},"type":"if","locations":[{"start":{"line":11,"column":8},"end":{"line":15,"column":9}},{"start":{"line":13,"column":15},"end":{"line":15,"column":9}}],"line":11},"1":{"loc":{"start":{"line":22,"column":8},"end":{"line":26,"column":9}},"type":"if","locations":[{"start":{"line":22,"column":8},"end":{"line":26,"column":9}},{"start":{"line":24,"column":15},"end":{"line":26,"column":9}}],"line":22},"2":{"loc":{"start":{"line":33,"column":8},"end":{"line":43,"column":9}},"type":"if","locations":[{"start":{"line":33,"column":8},"end":{"line":43,"column":9}},{"start":{"line":35,"column":15},"end":{"line":43,"column":9}}],"line":33},"3":{"loc":{"start":{"line":50,"column":8},"end":{"line":54,"column":9}},"type":"if","locations":[{"start":{"line":50,"column":8},"end":{"line":54,"column":9}},{"start":{"line":52,"column":15},"end":{"line":54,"column":9}}],"line":50},"4":{"loc":{"start":{"line":61,"column":8},"end":{"line":65,"column":9}},"type":"if","locations":[{"start":{"line":61,"column":8},"end":{"line":65,"column":9}},{"start":{"line":63,"column":15},"end":{"line":65,"column":9}}],"line":61},"5":{"loc":{"start":{"line":72,"column":8},"end":{"line":76,"column":9}},"type":"if","locations":[{"start":{"line":72,"column":8},"end":{"line":76,"column":9}},{"start":{"line":74,"column":15},"end":{"line":76,"column":9}}],"line":72},"6":{"loc":{"start":{"line":83,"column":8},"end":{"line":87,"column":9}},"type":"if","locations":[{"start":{"line":83,"column":8},"end":{"line":87,"column":9}},{"start":{"line":85,"column":15},"end":{"line":87,"column":9}}],"line":83},"7":{"loc":{"start":{"line":93,"column":4},"end":{"line":110,"column":5}},"type":"if","locations":[{"start":{"line":93,"column":4},"end":{"line":110,"column":5}},{"start":{"line":95,"column":11},"end":{"line":110,"column":5}}],"line":93},"8":{"loc":{"start":{"line":103,"column":16},"end":{"line":107,"column":17}},"type":"if","locations":[{"start":{"line":103,"column":16},"end":{"line":107,"column":17}},{"start":{"line":105,"column":23},"end":{"line":107,"column":17}}],"line":103},"9":{"loc":{"start":{"line":116,"column":4},"end":{"line":126,"column":5}},"type":"if","locations":[{"start":{"line":116,"column":4},"end":{"line":126,"column":5}},{"start":{"line":118,"column":11},"end":{"line":126,"column":5}}],"line":116},"10":{"loc":{"start":{"line":120,"column":8},"end":{"line":124,"column":9}},"type":"if","locations":[{"start":{"line":120,"column":8},"end":{"line":124,"column":9}},{"start":{"line":122,"column":15},"end":{"line":124,"column":9}}],"line":120}},"s":{"0":1,"1":1,"2":1,"3":1,"4":1,"5":1,"6":1,"7":0,"8":0,"9":0,"10":0,"11":1,"12":0,"13":0,"14":0,"15":0,"16":1,"17":0,"18":0,"19":0,"20":0,"21":0,"22":0,"23":1,"24":0,"25":0,"26":0,"27":0,"28":1,"29":0,"30":0,"31":0,"32":0,"33":1,"34":0,"35":0,"36":0,"37":0,"38":1,"39":0,"40":0,"41":0,"42":0,"43":1,"44":0,"45":0,"46":0,"47":0,"48":0,"49":0,"50":1,"51":0,"52":0,"53":0,"54":0,"55":0,"56":0,"57":0,"58":1},"f":{"0":0,"1":0,"2":0,"3":0,"4":0,"5":0,"6":0,"7":0,"8":0,"9":0,"10":0,"11":0,"12":0,"13":0,"14":0,"15":0,"16":0,"17":0,"18":0},"b":{"0":[0,0],"1":[0,0],"2":[0,0],"3":[0,0],"4":[0,0],"5":[0,0],"6":[0,0],"7":[0,0],"8":[0,0],"9":[0,0],"10":[0,0]},"_coverageSchema":"1a1c01bbd47fc00a2c39e90264f33305004495a9","hash":"2d28cb1f839a2a02709fb59cbd6589f412136a4c"}
,"D:\\ESPRIT\\Stages\\PFE\\CODE_SOURCE\\BACK\\STUDENTHUBBACK\\Routes\\CommentaireRouter.js": {"path":"D:\\ESPRIT\\Stages\\PFE\\CODE_SOURCE\\BACK\\STUDENTHUBBACK\\Routes\\CommentaireRouter.js","statementMap":{"0":{"start":{"line":1,"column":16},"end":{"line":1,"column":34}},"1":{"start":{"line":2,"column":26},"end":{"line":2,"column":42}},"2":{"start":{"line":3,"column":20},"end":{"line":3,"column":57}},"3":{"start":{"line":4,"column":13},"end":{"line":4,"column":43}},"4":{"start":{"line":5,"column":17},"end":{"line":5,"column":44}},"5":{"start":{"line":6,"column":15},"end":{"line":6,"column":49}},"6":{"start":{"line":9,"column":0},"end":{"line":17,"column":3}},"7":{"start":{"line":10,"column":2},"end":{"line":16,"column":25}},"8":{"start":{"line":11,"column":4},"end":{"line":15,"column":5}},"9":{"start":{"line":12,"column":6},"end":{"line":12,"column":32}},"10":{"start":{"line":14,"column":6},"end":{"line":14,"column":41}},"11":{"start":{"line":20,"column":0},"end":{"line":28,"column":3}},"12":{"start":{"line":21,"column":2},"end":{"line":27,"column":62}},"13":{"start":{"line":22,"column":4},"end":{"line":26,"column":5}},"14":{"start":{"line":23,"column":6},"end":{"line":23,"column":32}},"15":{"start":{"line":25,"column":6},"end":{"line":25,"column":41}},"16":{"start":{"line":31,"column":0},"end":{"line":39,"column":3}},"17":{"start":{"line":32,"column":2},"end":{"line":38,"column":49}},"18":{"start":{"line":33,"column":4},"end":{"line":37,"column":5}},"19":{"start":{"line":34,"column":6},"end":{"line":34,"column":32}},"20":{"start":{"line":36,"column":6},"end":{"line":36,"column":41}},"21":{"start":{"line":42,"column":0},"end":{"line":50,"column":3}},"22":{"start":{"line":43,"column":2},"end":{"line":49,"column":70}},"23":{"start":{"line":44,"column":4},"end":{"line":48,"column":5}},"24":{"start":{"line":45,"column":6},"end":{"line":45,"column":32}},"25":{"start":{"line":47,"column":6},"end":{"line":47,"column":41}},"26":{"start":{"line":53,"column":0},"end":{"line":70,"column":3}},"27":{"start":{"line":54,"column":22},"end":{"line":58,"column":4}},"28":{"start":{"line":59,"column":2},"end":{"line":69,"column":5}},"29":{"start":{"line":60,"column":4},"end":{"line":68,"column":5}},"30":{"start":{"line":61,"column":6},"end":{"line":61,"column":32}},"31":{"start":{"line":63,"column":14},"end":{"line":63,"column":52}},"32":{"start":{"line":64,"column":6},"end":{"line":64,"column":43}},"33":{"start":{"line":65,"column":6},"end":{"line":65,"column":52}},"34":{"start":{"line":66,"column":6},"end":{"line":66,"column":15}},"35":{"start":{"line":67,"column":6},"end":{"line":67,"column":40}},"36":{"start":{"line":73,"column":0},"end":{"line":83,"column":3}},"37":{"start":{"line":74,"column":16},"end":{"line":74,"column":41}},"38":{"start":{"line":75,"column":2},"end":{"line":75,"column":45}},"39":{"start":{"line":76,"column":2},"end":{"line":82,"column":5}},"40":{"start":{"line":77,"column":4},"end":{"line":81,"column":5}},"41":{"start":{"line":78,"column":6},"end":{"line":78,"column":32}},"42":{"start":{"line":80,"column":6},"end":{"line":80,"column":36}},"43":{"start":{"line":86,"column":0},"end":{"line":100,"column":3}},"44":{"start":{"line":87,"column":2},"end":{"line":99,"column":5}},"45":{"start":{"line":88,"column":4},"end":{"line":98,"column":5}},"46":{"start":{"line":89,"column":6},"end":{"line":89,"column":32}},"47":{"start":{"line":91,"column":6},"end":{"line":97,"column":8}},"48":{"start":{"line":92,"column":8},"end":{"line":96,"column":9}},"49":{"start":{"line":93,"column":10},"end":{"line":93,"column":37}},"50":{"start":{"line":95,"column":10},"end":{"line":95,"column":64}},"51":{"start":{"line":103,"column":0},"end":{"line":122,"column":3}},"52":{"start":{"line":104,"column":4},"end":{"line":121,"column":5}},"53":{"start":{"line":105,"column":8},"end":{"line":105,"column":101}},"54":{"start":{"line":107,"column":8},"end":{"line":120,"column":30}},"55":{"start":{"line":114,"column":16},"end":{"line":118,"column":17}},"56":{"start":{"line":115,"column":20},"end":{"line":115,"column":34}},"57":{"start":{"line":117,"column":20},"end":{"line":117,"column":94}},"58":{"start":{"line":125,"column":0},"end":{"line":133,"column":3}},"59":{"start":{"line":126,"column":2},"end":{"line":132,"column":5}},"60":{"start":{"line":127,"column":4},"end":{"line":131,"column":5}},"61":{"start":{"line":128,"column":6},"end":{"line":128,"column":32}},"62":{"start":{"line":130,"column":6},"end":{"line":130,"column":35}},"63":{"start":{"line":136,"column":0},"end":{"line":144,"column":3}},"64":{"start":{"line":137,"column":2},"end":{"line":143,"column":5}},"65":{"start":{"line":138,"column":4},"end":{"line":142,"column":5}},"66":{"start":{"line":139,"column":6},"end":{"line":139,"column":32}},"67":{"start":{"line":141,"column":6},"end":{"line":141,"column":35}},"68":{"start":{"line":146,"column":0},"end":{"line":146,"column":35}}},"fnMap":{"0":{"name":"(anonymous_0)","decl":{"start":{"line":9,"column":39},"end":{"line":9,"column":40}},"loc":{"start":{"line":9,"column":53},"end":{"line":17,"column":1}},"line":9},"1":{"name":"(anonymous_1)","decl":{"start":{"line":10,"column":23},"end":{"line":10,"column":24}},"loc":{"start":{"line":10,"column":46},"end":{"line":16,"column":3}},"line":10},"2":{"name":"(anonymous_2)","decl":{"start":{"line":20,"column":55},"end":{"line":20,"column":56}},"loc":{"start":{"line":20,"column":69},"end":{"line":28,"column":1}},"line":20},"3":{"name":"(anonymous_3)","decl":{"start":{"line":21,"column":57},"end":{"line":21,"column":58}},"loc":{"start":{"line":21,"column":80},"end":{"line":27,"column":3}},"line":21},"4":{"name":"(anonymous_4)","decl":{"start":{"line":31,"column":73},"end":{"line":31,"column":74}},"loc":{"start":{"line":31,"column":87},"end":{"line":39,"column":1}},"line":31},"5":{"name":"(anonymous_5)","decl":{"start":{"line":32,"column":57},"end":{"line":32,"column":58}},"loc":{"start":{"line":32,"column":80},"end":{"line":38,"column":3}},"line":32},"6":{"name":"(anonymous_6)","decl":{"start":{"line":42,"column":52},"end":{"line":42,"column":53}},"loc":{"start":{"line":42,"column":66},"end":{"line":50,"column":1}},"line":42},"7":{"name":"(anonymous_7)","decl":{"start":{"line":43,"column":47},"end":{"line":43,"column":48}},"loc":{"start":{"line":43,"column":70},"end":{"line":49,"column":3}},"line":43},"8":{"name":"(anonymous_8)","decl":{"start":{"line":53,"column":64},"end":{"line":53,"column":65}},"loc":{"start":{"line":53,"column":78},"end":{"line":70,"column":1}},"line":53},"9":{"name":"(anonymous_9)","decl":{"start":{"line":59,"column":19},"end":{"line":59,"column":20}},"loc":{"start":{"line":59,"column":44},"end":{"line":69,"column":3}},"line":59},"10":{"name":"(anonymous_10)","decl":{"start":{"line":73,"column":56},"end":{"line":73,"column":57}},"loc":{"start":{"line":73,"column":70},"end":{"line":83,"column":1}},"line":73},"11":{"name":"(anonymous_11)","decl":{"start":{"line":76,"column":15},"end":{"line":76,"column":16}},"loc":{"start":{"line":76,"column":32},"end":{"line":82,"column":3}},"line":76},"12":{"name":"(anonymous_12)","decl":{"start":{"line":86,"column":68},"end":{"line":86,"column":69}},"loc":{"start":{"line":86,"column":82},"end":{"line":100,"column":1}},"line":86},"13":{"name":"(anonymous_13)","decl":{"start":{"line":87,"column":58},"end":{"line":87,"column":59}},"loc":{"start":{"line":87,"column":80},"end":{"line":99,"column":3}},"line":87},"14":{"name":"(anonymous_14)","decl":{"start":{"line":91,"column":66},"end":{"line":91,"column":67}},"loc":{"start":{"line":91,"column":85},"end":{"line":97,"column":7}},"line":91},"15":{"name":"(anonymous_15)","decl":{"start":{"line":103,"column":54},"end":{"line":103,"column":55}},"loc":{"start":{"line":103,"column":68},"end":{"line":122,"column":1}},"line":103},"16":{"name":"(anonymous_16)","decl":{"start":{"line":113,"column":14},"end":{"line":113,"column":15}},"loc":{"start":{"line":113,"column":28},"end":{"line":119,"column":13}},"line":113},"17":{"name":"(anonymous_17)","decl":{"start":{"line":125,"column":65},"end":{"line":125,"column":66}},"loc":{"start":{"line":125,"column":79},"end":{"line":133,"column":1}},"line":125},"18":{"name":"(anonymous_18)","decl":{"start":{"line":126,"column":47},"end":{"line":126,"column":48}},"loc":{"start":{"line":126,"column":64},"end":{"line":132,"column":3}},"line":126},"19":{"name":"(anonymous_19)","decl":{"start":{"line":136,"column":49},"end":{"line":136,"column":50}},"loc":{"start":{"line":136,"column":63},"end":{"line":144,"column":1}},"line":136},"20":{"name":"(anonymous_20)","decl":{"start":{"line":137,"column":24},"end":{"line":137,"column":25}},"loc":{"start":{"line":137,"column":41},"end":{"line":143,"column":3}},"line":137}},"branchMap":{"0":{"loc":{"start":{"line":11,"column":4},"end":{"line":15,"column":5}},"type":"if","locations":[{"start":{"line":11,"column":4},"end":{"line":15,"column":5}},{"start":{"line":13,"column":11},"end":{"line":15,"column":5}}],"line":11},"1":{"loc":{"start":{"line":22,"column":4},"end":{"line":26,"column":5}},"type":"if","locations":[{"start":{"line":22,"column":4},"end":{"line":26,"column":5}},{"start":{"line":24,"column":11},"end":{"line":26,"column":5}}],"line":22},"2":{"loc":{"start":{"line":33,"column":4},"end":{"line":37,"column":5}},"type":"if","locations":[{"start":{"line":33,"column":4},"end":{"line":37,"column":5}},{"start":{"line":35,"column":11},"end":{"line":37,"column":5}}],"line":33},"3":{"loc":{"start":{"line":44,"column":4},"end":{"line":48,"column":5}},"type":"if","locations":[{"start":{"line":44,"column":4},"end":{"line":48,"column":5}},{"start":{"line":46,"column":11},"end":{"line":48,"column":5}}],"line":44},"4":{"loc":{"start":{"line":60,"column":4},"end":{"line":68,"column":5}},"type":"if","locations":[{"start":{"line":60,"column":4},"end":{"line":68,"column":5}},{"start":{"line":62,"column":11},"end":{"line":68,"column":5}}],"line":60},"5":{"loc":{"start":{"line":77,"column":4},"end":{"line":81,"column":5}},"type":"if","locations":[{"start":{"line":77,"column":4},"end":{"line":81,"column":5}},{"start":{"line":79,"column":11},"end":{"line":81,"column":5}}],"line":77},"6":{"loc":{"start":{"line":88,"column":4},"end":{"line":98,"column":5}},"type":"if","locations":[{"start":{"line":88,"column":4},"end":{"line":98,"column":5}},{"start":{"line":90,"column":11},"end":{"line":98,"column":5}}],"line":88},"7":{"loc":{"start":{"line":92,"column":8},"end":{"line":96,"column":9}},"type":"if","locations":[{"start":{"line":92,"column":8},"end":{"line":96,"column":9}},{"start":{"line":94,"column":15},"end":{"line":96,"column":9}}],"line":92},"8":{"loc":{"start":{"line":104,"column":4},"end":{"line":121,"column":5}},"type":"if","locations":[{"start":{"line":104,"column":4},"end":{"line":121,"column":5}},{"start":{"line":106,"column":11},"end":{"line":121,"column":5}}],"line":104},"9":{"loc":{"start":{"line":114,"column":16},"end":{"line":118,"column":17}},"type":"if","locations":[{"start":{"line":114,"column":16},"end":{"line":118,"column":17}},{"start":{"line":116,"column":23},"end":{"line":118,"column":17}}],"line":114},"10":{"loc":{"start":{"line":127,"column":4},"end":{"line":131,"column":5}},"type":"if","locations":[{"start":{"line":127,"column":4},"end":{"line":131,"column":5}},{"start":{"line":129,"column":11},"end":{"line":131,"column":5}}],"line":127},"11":{"loc":{"start":{"line":138,"column":4},"end":{"line":142,"column":5}},"type":"if","locations":[{"start":{"line":138,"column":4},"end":{"line":142,"column":5}},{"start":{"line":140,"column":11},"end":{"line":142,"column":5}}],"line":138}},"s":{"0":1,"1":1,"2":1,"3":1,"4":1,"5":1,"6":1,"7":0,"8":0,"9":0,"10":0,"11":1,"12":0,"13":0,"14":0,"15":0,"16":1,"17":0,"18":0,"19":0,"20":0,"21":1,"22":0,"23":0,"24":0,"25":0,"26":1,"27":0,"28":0,"29":0,"30":0,"31":0,"32":0,"33":0,"34":0,"35":0,"36":1,"37":0,"38":0,"39":0,"40":0,"41":0,"42":0,"43":1,"44":0,"45":0,"46":0,"47":0,"48":0,"49":0,"50":0,"51":1,"52":0,"53":0,"54":0,"55":0,"56":0,"57":0,"58":1,"59":0,"60":0,"61":0,"62":0,"63":1,"64":0,"65":0,"66":0,"67":0,"68":1},"f":{"0":0,"1":0,"2":0,"3":0,"4":0,"5":0,"6":0,"7":0,"8":0,"9":0,"10":0,"11":0,"12":0,"13":0,"14":0,"15":0,"16":0,"17":0,"18":0,"19":0,"20":0},"b":{"0":[0,0],"1":[0,0],"2":[0,0],"3":[0,0],"4":[0,0],"5":[0,0],"6":[0,0],"7":[0,0],"8":[0,0],"9":[0,0],"10":[0,0],"11":[0,0]},"_coverageSchema":"1a1c01bbd47fc00a2c39e90264f33305004495a9","hash":"98a44263a6fdf7a88c994da77024d0b3faa19315"}
,"D:\\ESPRIT\\Stages\\PFE\\CODE_SOURCE\\BACK\\STUDENTHUBBACK\\Routes\\ContactRouter.js": {"path":"D:\\ESPRIT\\Stages\\PFE\\CODE_SOURCE\\BACK\\STUDENTHUBBACK\\Routes\\ContactRouter.js","statementMap":{"0":{"start":{"line":1,"column":16},"end":{"line":1,"column":34}},"1":{"start":{"line":2,"column":22},"end":{"line":2,"column":38}},"2":{"start":{"line":3,"column":19},"end":{"line":3,"column":40}},"3":{"start":{"line":4,"column":13},"end":{"line":4,"column":28}},"4":{"start":{"line":5,"column":12},"end":{"line":5,"column":21}},"5":{"start":{"line":6,"column":13},"end":{"line":6,"column":43}},"6":{"start":{"line":8,"column":0},"end":{"line":8,"column":16}},"7":{"start":{"line":11,"column":0},"end":{"line":51,"column":3}},"8":{"start":{"line":19,"column":18},"end":{"line":26,"column":4}},"9":{"start":{"line":27,"column":22},"end":{"line":32,"column":3}},"10":{"start":{"line":42,"column":2},"end":{"line":50,"column":5}},"11":{"start":{"line":43,"column":4},"end":{"line":49,"column":5}},"12":{"start":{"line":44,"column":6},"end":{"line":44,"column":23}},"13":{"start":{"line":45,"column":6},"end":{"line":45,"column":32}},"14":{"start":{"line":47,"column":6},"end":{"line":47,"column":51}},"15":{"start":{"line":48,"column":6},"end":{"line":48,"column":40}},"16":{"start":{"line":54,"column":0},"end":{"line":100,"column":3}},"17":{"start":{"line":55,"column":22},"end":{"line":61,"column":4}},"18":{"start":{"line":70,"column":22},"end":{"line":75,"column":3}},"19":{"start":{"line":85,"column":2},"end":{"line":99,"column":5}},"20":{"start":{"line":86,"column":4},"end":{"line":98,"column":5}},"21":{"start":{"line":87,"column":6},"end":{"line":95,"column":9}},"22":{"start":{"line":88,"column":8},"end":{"line":94,"column":9}},"23":{"start":{"line":89,"column":10},"end":{"line":89,"column":27}},"24":{"start":{"line":90,"column":10},"end":{"line":90,"column":36}},"25":{"start":{"line":92,"column":10},"end":{"line":92,"column":55}},"26":{"start":{"line":93,"column":10},"end":{"line":93,"column":44}},"27":{"start":{"line":97,"column":6},"end":{"line":97,"column":32}},"28":{"start":{"line":102,"column":0},"end":{"line":102,"column":31}}},"fnMap":{"0":{"name":"(anonymous_0)","decl":{"start":{"line":11,"column":30},"end":{"line":11,"column":31}},"loc":{"start":{"line":11,"column":44},"end":{"line":51,"column":1}},"line":11},"1":{"name":"(anonymous_1)","decl":{"start":{"line":42,"column":34},"end":{"line":42,"column":35}},"loc":{"start":{"line":42,"column":55},"end":{"line":50,"column":3}},"line":42},"2":{"name":"(anonymous_2)","decl":{"start":{"line":54,"column":34},"end":{"line":54,"column":35}},"loc":{"start":{"line":54,"column":48},"end":{"line":100,"column":1}},"line":54},"3":{"name":"(anonymous_3)","decl":{"start":{"line":85,"column":47},"end":{"line":85,"column":48}},"loc":{"start":{"line":85,"column":59},"end":{"line":99,"column":3}},"line":85},"4":{"name":"(anonymous_4)","decl":{"start":{"line":87,"column":40},"end":{"line":87,"column":41}},"loc":{"start":{"line":87,"column":61},"end":{"line":95,"column":7}},"line":87}},"branchMap":{"0":{"loc":{"start":{"line":43,"column":4},"end":{"line":49,"column":5}},"type":"if","locations":[{"start":{"line":43,"column":4},"end":{"line":49,"column":5}},{"start":{"line":46,"column":11},"end":{"line":49,"column":5}}],"line":43},"1":{"loc":{"start":{"line":86,"column":4},"end":{"line":98,"column":5}},"type":"if","locations":[{"start":{"line":86,"column":4},"end":{"line":98,"column":5}},{"start":{"line":96,"column":11},"end":{"line":98,"column":5}}],"line":86},"2":{"loc":{"start":{"line":88,"column":8},"end":{"line":94,"column":9}},"type":"if","locations":[{"start":{"line":88,"column":8},"end":{"line":94,"column":9}},{"start":{"line":91,"column":15},"end":{"line":94,"column":9}}],"line":88}},"s":{"0":1,"1":1,"2":1,"3":1,"4":1,"5":1,"6":1,"7":1,"8":0,"9":0,"10":0,"11":0,"12":0,"13":0,"14":0,"15":0,"16":1,"17":0,"18":0,"19":0,"20":0,"21":0,"22":0,"23":0,"24":0,"25":0,"26":0,"27":0,"28":1},"f":{"0":0,"1":0,"2":0,"3":0,"4":0},"b":{"0":[0,0],"1":[0,0],"2":[0,0]},"_coverageSchema":"1a1c01bbd47fc00a2c39e90264f33305004495a9","hash":"d63d5c0fef5f527a948c65aa69b806b14bd0481b"}
,"D:\\ESPRIT\\Stages\\PFE\\CODE_SOURCE\\BACK\\STUDENTHUBBACK\\Routes\\DemandeDocumentRouter.js": {"path":"D:\\ESPRIT\\Stages\\PFE\\CODE_SOURCE\\BACK\\STUDENTHUBBACK\\Routes\\DemandeDocumentRouter.js","statementMap":{"0":{"start":{"line":1,"column":16},"end":{"line":1,"column":34}},"1":{"start":{"line":2,"column":30},"end":{"line":2,"column":46}},"2":{"start":{"line":3,"column":24},"end":{"line":3,"column":65}},"3":{"start":{"line":4,"column":13},"end":{"line":4,"column":43}},"4":{"start":{"line":5,"column":19},"end":{"line":5,"column":40}},"5":{"start":{"line":9,"column":0},"end":{"line":18,"column":3}},"6":{"start":{"line":10,"column":2},"end":{"line":17,"column":42}},"7":{"start":{"line":11,"column":4},"end":{"line":16,"column":5}},"8":{"start":{"line":12,"column":6},"end":{"line":12,"column":22}},"9":{"start":{"line":13,"column":6},"end":{"line":13,"column":32}},"10":{"start":{"line":15,"column":6},"end":{"line":15,"column":36}},"11":{"start":{"line":21,"column":0},"end":{"line":30,"column":3}},"12":{"start":{"line":22,"column":2},"end":{"line":29,"column":42}},"13":{"start":{"line":23,"column":4},"end":{"line":28,"column":5}},"14":{"start":{"line":24,"column":6},"end":{"line":24,"column":22}},"15":{"start":{"line":25,"column":6},"end":{"line":25,"column":32}},"16":{"start":{"line":27,"column":6},"end":{"line":27,"column":36}},"17":{"start":{"line":33,"column":0},"end":{"line":47,"column":5}},"18":{"start":{"line":34,"column":15},"end":{"line":34,"column":53}},"19":{"start":{"line":35,"column":20},"end":{"line":40,"column":6}},"20":{"start":{"line":41,"column":4},"end":{"line":46,"column":5}},"21":{"start":{"line":42,"column":6},"end":{"line":42,"column":21}},"22":{"start":{"line":44,"column":6},"end":{"line":44,"column":21}},"23":{"start":{"line":45,"column":6},"end":{"line":45,"column":42}},"24":{"start":{"line":51,"column":0},"end":{"line":84,"column":3}},"25":{"start":{"line":52,"column":2},"end":{"line":83,"column":5}},"26":{"start":{"line":53,"column":4},"end":{"line":82,"column":5}},"27":{"start":{"line":54,"column":6},"end":{"line":54,"column":31}},"28":{"start":{"line":56,"column":6},"end":{"line":56,"column":29}},"29":{"start":{"line":57,"column":6},"end":{"line":57,"column":21}},"30":{"start":{"line":58,"column":18},"end":{"line":58,"column":51}},"31":{"start":{"line":59,"column":6},"end":{"line":59,"column":23}},"32":{"start":{"line":60,"column":26},"end":{"line":66,"column":8}},"33":{"start":{"line":67,"column":26},"end":{"line":72,"column":7}},"34":{"start":{"line":73,"column":6},"end":{"line":81,"column":9}},"35":{"start":{"line":74,"column":8},"end":{"line":80,"column":9}},"36":{"start":{"line":75,"column":10},"end":{"line":75,"column":27}},"37":{"start":{"line":76,"column":10},"end":{"line":76,"column":36}},"38":{"start":{"line":78,"column":10},"end":{"line":78,"column":55}},"39":{"start":{"line":79,"column":10},"end":{"line":79,"column":44}},"40":{"start":{"line":87,"column":0},"end":{"line":87,"column":39}}},"fnMap":{"0":{"name":"(anonymous_0)","decl":{"start":{"line":9,"column":66},"end":{"line":9,"column":67}},"loc":{"start":{"line":9,"column":80},"end":{"line":18,"column":1}},"line":9},"1":{"name":"(anonymous_1)","decl":{"start":{"line":10,"column":62},"end":{"line":10,"column":63}},"loc":{"start":{"line":10,"column":80},"end":{"line":17,"column":3}},"line":10},"2":{"name":"(anonymous_2)","decl":{"start":{"line":21,"column":56},"end":{"line":21,"column":57}},"loc":{"start":{"line":21,"column":70},"end":{"line":30,"column":1}},"line":21},"3":{"name":"(anonymous_3)","decl":{"start":{"line":22,"column":50},"end":{"line":22,"column":51}},"loc":{"start":{"line":22,"column":68},"end":{"line":29,"column":3}},"line":22},"4":{"name":"(anonymous_4)","decl":{"start":{"line":33,"column":56},"end":{"line":33,"column":57}},"loc":{"start":{"line":33,"column":75},"end":{"line":47,"column":3}},"line":33},"5":{"name":"(anonymous_5)","decl":{"start":{"line":51,"column":53},"end":{"line":51,"column":54}},"loc":{"start":{"line":51,"column":72},"end":{"line":84,"column":1}},"line":51},"6":{"name":"(anonymous_6)","decl":{"start":{"line":52,"column":48},"end":{"line":52,"column":49}},"loc":{"start":{"line":52,"column":70},"end":{"line":83,"column":3}},"line":52},"7":{"name":"(anonymous_7)","decl":{"start":{"line":73,"column":40},"end":{"line":73,"column":41}},"loc":{"start":{"line":73,"column":61},"end":{"line":81,"column":7}},"line":73}},"branchMap":{"0":{"loc":{"start":{"line":11,"column":4},"end":{"line":16,"column":5}},"type":"if","locations":[{"start":{"line":11,"column":4},"end":{"line":16,"column":5}},{"start":{"line":14,"column":11},"end":{"line":16,"column":5}}],"line":11},"1":{"loc":{"start":{"line":23,"column":4},"end":{"line":28,"column":5}},"type":"if","locations":[{"start":{"line":23,"column":4},"end":{"line":28,"column":5}},{"start":{"line":26,"column":11},"end":{"line":28,"column":5}}],"line":23},"2":{"loc":{"start":{"line":41,"column":4},"end":{"line":46,"column":5}},"type":"if","locations":[{"start":{"line":41,"column":4},"end":{"line":46,"column":5}},{"start":{"line":43,"column":11},"end":{"line":46,"column":5}}],"line":41},"3":{"loc":{"start":{"line":53,"column":4},"end":{"line":82,"column":5}},"type":"if","locations":[{"start":{"line":53,"column":4},"end":{"line":82,"column":5}},{"start":{"line":55,"column":11},"end":{"line":82,"column":5}}],"line":53},"4":{"loc":{"start":{"line":74,"column":8},"end":{"line":80,"column":9}},"type":"if","locations":[{"start":{"line":74,"column":8},"end":{"line":80,"column":9}},{"start":{"line":77,"column":15},"end":{"line":80,"column":9}}],"line":74}},"s":{"0":1,"1":1,"2":1,"3":1,"4":1,"5":1,"6":0,"7":0,"8":0,"9":0,"10":0,"11":1,"12":0,"13":0,"14":0,"15":0,"16":0,"17":1,"18":0,"19":0,"20":0,"21":0,"22":0,"23":0,"24":1,"25":0,"26":0,"27":0,"28":0,"29":0,"30":0,"31":0,"32":0,"33":0,"34":0,"35":0,"36":0,"37":0,"38":0,"39":0,"40":1},"f":{"0":0,"1":0,"2":0,"3":0,"4":0,"5":0,"6":0,"7":0},"b":{"0":[0,0],"1":[0,0],"2":[0,0],"3":[0,0],"4":[0,0]},"_coverageSchema":"1a1c01bbd47fc00a2c39e90264f33305004495a9","hash":"453e9190fd8be50e743a4ea3b4f24a58e3126210"}
,"D:\\ESPRIT\\Stages\\PFE\\CODE_SOURCE\\BACK\\STUDENTHUBBACK\\Routes\\DocumentRouter.js": {"path":"D:\\ESPRIT\\Stages\\PFE\\CODE_SOURCE\\BACK\\STUDENTHUBBACK\\Routes\\DocumentRouter.js","statementMap":{"0":{"start":{"line":1,"column":16},"end":{"line":1,"column":34}},"1":{"start":{"line":2,"column":23},"end":{"line":2,"column":39}},"2":{"start":{"line":3,"column":17},"end":{"line":3,"column":51}},"3":{"start":{"line":4,"column":15},"end":{"line":4,"column":32}},"4":{"start":{"line":7,"column":16},"end":{"line":14,"column":2}},"5":{"start":{"line":9,"column":4},"end":{"line":9,"column":35}},"6":{"start":{"line":12,"column":4},"end":{"line":12,"column":32}},"7":{"start":{"line":16,"column":19},"end":{"line":18,"column":1}},"8":{"start":{"line":17,"column":4},"end":{"line":17,"column":19}},"9":{"start":{"line":20,"column":14},"end":{"line":26,"column":2}},"10":{"start":{"line":29,"column":0},"end":{"line":44,"column":3}},"11":{"start":{"line":30,"column":14},"end":{"line":36,"column":4}},"12":{"start":{"line":37,"column":2},"end":{"line":43,"column":4}},"13":{"start":{"line":38,"column":4},"end":{"line":42,"column":5}},"14":{"start":{"line":39,"column":6},"end":{"line":39,"column":32}},"15":{"start":{"line":41,"column":6},"end":{"line":41,"column":37}},"16":{"start":{"line":47,"column":0},"end":{"line":56,"column":3}},"17":{"start":{"line":48,"column":2},"end":{"line":55,"column":5}},"18":{"start":{"line":49,"column":4},"end":{"line":54,"column":5}},"19":{"start":{"line":50,"column":6},"end":{"line":50,"column":22}},"20":{"start":{"line":51,"column":6},"end":{"line":51,"column":32}},"21":{"start":{"line":53,"column":6},"end":{"line":53,"column":38}},"22":{"start":{"line":59,"column":0},"end":{"line":68,"column":3}},"23":{"start":{"line":60,"column":2},"end":{"line":67,"column":5}},"24":{"start":{"line":61,"column":4},"end":{"line":66,"column":5}},"25":{"start":{"line":62,"column":6},"end":{"line":62,"column":22}},"26":{"start":{"line":63,"column":6},"end":{"line":63,"column":32}},"27":{"start":{"line":65,"column":6},"end":{"line":65,"column":37}},"28":{"start":{"line":71,"column":0},"end":{"line":80,"column":3}},"29":{"start":{"line":72,"column":2},"end":{"line":79,"column":5}},"30":{"start":{"line":73,"column":4},"end":{"line":78,"column":5}},"31":{"start":{"line":74,"column":6},"end":{"line":74,"column":22}},"32":{"start":{"line":75,"column":6},"end":{"line":75,"column":32}},"33":{"start":{"line":77,"column":6},"end":{"line":77,"column":37}},"34":{"start":{"line":83,"column":0},"end":{"line":91,"column":3}},"35":{"start":{"line":84,"column":2},"end":{"line":90,"column":5}},"36":{"start":{"line":85,"column":4},"end":{"line":89,"column":5}},"37":{"start":{"line":86,"column":6},"end":{"line":86,"column":32}},"38":{"start":{"line":88,"column":6},"end":{"line":88,"column":54}},"39":{"start":{"line":93,"column":0},"end":{"line":93,"column":32}}},"fnMap":{"0":{"name":"(anonymous_0)","decl":{"start":{"line":8,"column":15},"end":{"line":8,"column":16}},"loc":{"start":{"line":8,"column":40},"end":{"line":10,"column":3}},"line":8},"1":{"name":"(anonymous_1)","decl":{"start":{"line":11,"column":12},"end":{"line":11,"column":13}},"loc":{"start":{"line":11,"column":37},"end":{"line":13,"column":3}},"line":11},"2":{"name":"(anonymous_2)","decl":{"start":{"line":16,"column":19},"end":{"line":16,"column":20}},"loc":{"start":{"line":16,"column":38},"end":{"line":18,"column":1}},"line":16},"3":{"name":"(anonymous_3)","decl":{"start":{"line":29,"column":98},"end":{"line":29,"column":99}},"loc":{"start":{"line":29,"column":112},"end":{"line":44,"column":1}},"line":29},"4":{"name":"(anonymous_4)","decl":{"start":{"line":37,"column":11},"end":{"line":37,"column":12}},"loc":{"start":{"line":37,"column":28},"end":{"line":43,"column":3}},"line":37},"5":{"name":"(anonymous_5)","decl":{"start":{"line":47,"column":76},"end":{"line":47,"column":77}},"loc":{"start":{"line":47,"column":90},"end":{"line":56,"column":1}},"line":47},"6":{"name":"(anonymous_6)","decl":{"start":{"line":48,"column":82},"end":{"line":48,"column":83}},"loc":{"start":{"line":48,"column":102},"end":{"line":55,"column":3}},"line":48},"7":{"name":"(anonymous_7)","decl":{"start":{"line":59,"column":47},"end":{"line":59,"column":48}},"loc":{"start":{"line":59,"column":61},"end":{"line":68,"column":1}},"line":59},"8":{"name":"(anonymous_8)","decl":{"start":{"line":60,"column":47},"end":{"line":60,"column":48}},"loc":{"start":{"line":60,"column":66},"end":{"line":67,"column":3}},"line":60},"9":{"name":"(anonymous_9)","decl":{"start":{"line":71,"column":39},"end":{"line":71,"column":40}},"loc":{"start":{"line":71,"column":53},"end":{"line":80,"column":1}},"line":71},"10":{"name":"(anonymous_10)","decl":{"start":{"line":72,"column":39},"end":{"line":72,"column":40}},"loc":{"start":{"line":72,"column":58},"end":{"line":79,"column":3}},"line":72},"11":{"name":"(anonymous_11)","decl":{"start":{"line":83,"column":46},"end":{"line":83,"column":47}},"loc":{"start":{"line":83,"column":60},"end":{"line":91,"column":1}},"line":83},"12":{"name":"(anonymous_12)","decl":{"start":{"line":84,"column":49},"end":{"line":84,"column":50}},"loc":{"start":{"line":84,"column":63},"end":{"line":90,"column":3}},"line":84}},"branchMap":{"0":{"loc":{"start":{"line":38,"column":4},"end":{"line":42,"column":5}},"type":"if","locations":[{"start":{"line":38,"column":4},"end":{"line":42,"column":5}},{"start":{"line":40,"column":11},"end":{"line":42,"column":5}}],"line":38},"1":{"loc":{"start":{"line":49,"column":4},"end":{"line":54,"column":5}},"type":"if","locations":[{"start":{"line":49,"column":4},"end":{"line":54,"column":5}},{"start":{"line":52,"column":11},"end":{"line":54,"column":5}}],"line":49},"2":{"loc":{"start":{"line":61,"column":4},"end":{"line":66,"column":5}},"type":"if","locations":[{"start":{"line":61,"column":4},"end":{"line":66,"column":5}},{"start":{"line":64,"column":11},"end":{"line":66,"column":5}}],"line":61},"3":{"loc":{"start":{"line":73,"column":4},"end":{"line":78,"column":5}},"type":"if","locations":[{"start":{"line":73,"column":4},"end":{"line":78,"column":5}},{"start":{"line":76,"column":11},"end":{"line":78,"column":5}}],"line":73},"4":{"loc":{"start":{"line":85,"column":4},"end":{"line":89,"column":5}},"type":"if","locations":[{"start":{"line":85,"column":4},"end":{"line":89,"column":5}},{"start":{"line":87,"column":11},"end":{"line":89,"column":5}}],"line":85}},"s":{"0":1,"1":1,"2":1,"3":1,"4":1,"5":0,"6":0,"7":1,"8":0,"9":1,"10":1,"11":0,"12":0,"13":0,"14":0,"15":0,"16":1,"17":0,"18":0,"19":0,"20":0,"21":0,"22":1,"23":0,"24":0,"25":0,"26":0,"27":0,"28":1,"29":0,"30":0,"31":0,"32":0,"33":0,"34":1,"35":0,"36":0,"37":0,"38":0,"39":1},"f":{"0":0,"1":0,"2":0,"3":0,"4":0,"5":0,"6":0,"7":0,"8":0,"9":0,"10":0,"11":0,"12":0},"b":{"0":[0,0],"1":[0,0],"2":[0,0],"3":[0,0],"4":[0,0]},"_coverageSchema":"1a1c01bbd47fc00a2c39e90264f33305004495a9","hash":"bb1a96a6fadb86308ea5c63a0a238c19240a9a4e"}
,"D:\\ESPRIT\\Stages\\PFE\\CODE_SOURCE\\BACK\\STUDENTHUBBACK\\Routes\\EventRouter.js": {"path":"D:\\ESPRIT\\Stages\\PFE\\CODE_SOURCE\\BACK\\STUDENTHUBBACK\\Routes\\EventRouter.js","statementMap":{"0":{"start":{"line":1,"column":16},"end":{"line":1,"column":34}},"1":{"start":{"line":2,"column":20},"end":{"line":2,"column":36}},"2":{"start":{"line":3,"column":14},"end":{"line":3,"column":45}},"3":{"start":{"line":4,"column":13},"end":{"line":4,"column":43}},"4":{"start":{"line":5,"column":20},"end":{"line":5,"column":57}},"5":{"start":{"line":6,"column":15},"end":{"line":6,"column":32}},"6":{"start":{"line":8,"column":16},"end":{"line":15,"column":2}},"7":{"start":{"line":10,"column":4},"end":{"line":10,"column":31}},"8":{"start":{"line":13,"column":4},"end":{"line":13,"column":32}},"9":{"start":{"line":17,"column":19},"end":{"line":28,"column":1}},"10":{"start":{"line":18,"column":2},"end":{"line":27,"column":3}},"11":{"start":{"line":24,"column":4},"end":{"line":24,"column":19}},"12":{"start":{"line":26,"column":4},"end":{"line":26,"column":78}},"13":{"start":{"line":30,"column":14},"end":{"line":36,"column":2}},"14":{"start":{"line":39,"column":0},"end":{"line":48,"column":3}},"15":{"start":{"line":40,"column":2},"end":{"line":47,"column":74}},"16":{"start":{"line":41,"column":4},"end":{"line":46,"column":5}},"17":{"start":{"line":42,"column":6},"end":{"line":42,"column":22}},"18":{"start":{"line":43,"column":6},"end":{"line":43,"column":32}},"19":{"start":{"line":45,"column":6},"end":{"line":45,"column":35}},"20":{"start":{"line":51,"column":0},"end":{"line":68,"column":3}},"21":{"start":{"line":52,"column":2},"end":{"line":67,"column":4}},"22":{"start":{"line":53,"column":18},"end":{"line":60,"column":6}},"23":{"start":{"line":61,"column":4},"end":{"line":66,"column":5}},"24":{"start":{"line":62,"column":6},"end":{"line":62,"column":21}},"25":{"start":{"line":64,"column":6},"end":{"line":64,"column":19}},"26":{"start":{"line":65,"column":6},"end":{"line":65,"column":40}},"27":{"start":{"line":71,"column":0},"end":{"line":88,"column":3}},"28":{"start":{"line":72,"column":2},"end":{"line":87,"column":4}},"29":{"start":{"line":73,"column":18},"end":{"line":80,"column":6}},"30":{"start":{"line":81,"column":4},"end":{"line":86,"column":5}},"31":{"start":{"line":82,"column":6},"end":{"line":82,"column":21}},"32":{"start":{"line":84,"column":6},"end":{"line":84,"column":19}},"33":{"start":{"line":85,"column":6},"end":{"line":85,"column":40}},"34":{"start":{"line":91,"column":0},"end":{"line":102,"column":3}},"35":{"start":{"line":92,"column":2},"end":{"line":101,"column":5}},"36":{"start":{"line":93,"column":4},"end":{"line":93,"column":40}},"37":{"start":{"line":94,"column":4},"end":{"line":94,"column":26}},"38":{"start":{"line":95,"column":4},"end":{"line":95,"column":17}},"39":{"start":{"line":96,"column":4},"end":{"line":100,"column":5}},"40":{"start":{"line":97,"column":6},"end":{"line":97,"column":32}},"41":{"start":{"line":99,"column":6},"end":{"line":99,"column":34}},"42":{"start":{"line":105,"column":0},"end":{"line":122,"column":3}},"43":{"start":{"line":106,"column":2},"end":{"line":121,"column":5}},"44":{"start":{"line":107,"column":4},"end":{"line":119,"column":5}},"45":{"start":{"line":108,"column":6},"end":{"line":112,"column":51}},"46":{"start":{"line":113,"column":6},"end":{"line":113,"column":19}},"47":{"start":{"line":114,"column":6},"end":{"line":114,"column":22}},"48":{"start":{"line":116,"column":8},"end":{"line":116,"column":36}},"49":{"start":{"line":117,"column":8},"end":{"line":117,"column":21}},"50":{"start":{"line":118,"column":6},"end":{"line":118,"column":22}},"51":{"start":{"line":120,"column":4},"end":{"line":120,"column":20}},"52":{"start":{"line":125,"column":0},"end":{"line":134,"column":3}},"53":{"start":{"line":126,"column":4},"end":{"line":133,"column":49}},"54":{"start":{"line":127,"column":4},"end":{"line":132,"column":5}},"55":{"start":{"line":128,"column":6},"end":{"line":128,"column":32}},"56":{"start":{"line":129,"column":6},"end":{"line":129,"column":23}},"57":{"start":{"line":131,"column":6},"end":{"line":131,"column":34}},"58":{"start":{"line":137,"column":0},"end":{"line":145,"column":3}},"59":{"start":{"line":138,"column":4},"end":{"line":144,"column":42}},"60":{"start":{"line":139,"column":4},"end":{"line":143,"column":5}},"61":{"start":{"line":140,"column":6},"end":{"line":140,"column":32}},"62":{"start":{"line":142,"column":6},"end":{"line":142,"column":23}},"63":{"start":{"line":148,"column":0},"end":{"line":162,"column":3}},"64":{"start":{"line":149,"column":4},"end":{"line":161,"column":5}},"65":{"start":{"line":150,"column":4},"end":{"line":160,"column":5}},"66":{"start":{"line":151,"column":6},"end":{"line":151,"column":32}},"67":{"start":{"line":153,"column":6},"end":{"line":159,"column":9}},"68":{"start":{"line":154,"column":8},"end":{"line":158,"column":9}},"69":{"start":{"line":155,"column":10},"end":{"line":155,"column":36}},"70":{"start":{"line":157,"column":10},"end":{"line":157,"column":39}},"71":{"start":{"line":165,"column":0},"end":{"line":173,"column":3}},"72":{"start":{"line":166,"column":4},"end":{"line":172,"column":7}},"73":{"start":{"line":167,"column":8},"end":{"line":171,"column":9}},"74":{"start":{"line":168,"column":12},"end":{"line":168,"column":27}},"75":{"start":{"line":170,"column":12},"end":{"line":170,"column":48}},"76":{"start":{"line":176,"column":0},"end":{"line":184,"column":3}},"77":{"start":{"line":177,"column":4},"end":{"line":183,"column":7}},"78":{"start":{"line":178,"column":8},"end":{"line":182,"column":9}},"79":{"start":{"line":179,"column":12},"end":{"line":179,"column":27}},"80":{"start":{"line":181,"column":12},"end":{"line":181,"column":48}},"81":{"start":{"line":187,"column":0},"end":{"line":197,"column":3}},"82":{"start":{"line":188,"column":2},"end":{"line":196,"column":5}},"83":{"start":{"line":189,"column":4},"end":{"line":195,"column":5}},"84":{"start":{"line":190,"column":6},"end":{"line":190,"column":21}},"85":{"start":{"line":192,"column":6},"end":{"line":192,"column":34}},"86":{"start":{"line":193,"column":6},"end":{"line":193,"column":19}},"87":{"start":{"line":194,"column":6},"end":{"line":194,"column":34}},"88":{"start":{"line":200,"column":0},"end":{"line":210,"column":3}},"89":{"start":{"line":201,"column":2},"end":{"line":209,"column":5}},"90":{"start":{"line":202,"column":4},"end":{"line":208,"column":5}},"91":{"start":{"line":203,"column":6},"end":{"line":203,"column":21}},"92":{"start":{"line":205,"column":6},"end":{"line":205,"column":34}},"93":{"start":{"line":206,"column":6},"end":{"line":206,"column":19}},"94":{"start":{"line":207,"column":6},"end":{"line":207,"column":34}},"95":{"start":{"line":213,"column":0},"end":{"line":224,"column":3}},"96":{"start":{"line":214,"column":4},"end":{"line":223,"column":29}},"97":{"start":{"line":215,"column":6},"end":{"line":221,"column":7}},"98":{"start":{"line":216,"column":8},"end":{"line":216,"column":39}},"99":{"start":{"line":217,"column":8},"end":{"line":217,"column":21}},"100":{"start":{"line":218,"column":8},"end":{"line":218,"column":24}},"101":{"start":{"line":220,"column":8},"end":{"line":220,"column":82}},"102":{"start":{"line":226,"column":0},"end":{"line":226,"column":29}}},"fnMap":{"0":{"name":"(anonymous_0)","decl":{"start":{"line":9,"column":15},"end":{"line":9,"column":16}},"loc":{"start":{"line":9,"column":40},"end":{"line":11,"column":3}},"line":9},"1":{"name":"(anonymous_1)","decl":{"start":{"line":12,"column":12},"end":{"line":12,"column":13}},"loc":{"start":{"line":12,"column":37},"end":{"line":14,"column":3}},"line":12},"2":{"name":"(anonymous_2)","decl":{"start":{"line":17,"column":19},"end":{"line":17,"column":20}},"loc":{"start":{"line":17,"column":38},"end":{"line":28,"column":1}},"line":17},"3":{"name":"(anonymous_3)","decl":{"start":{"line":39,"column":33},"end":{"line":39,"column":34}},"loc":{"start":{"line":39,"column":47},"end":{"line":48,"column":1}},"line":39},"4":{"name":"(anonymous_4)","decl":{"start":{"line":40,"column":31},"end":{"line":40,"column":32}},"loc":{"start":{"line":40,"column":48},"end":{"line":47,"column":3}},"line":40},"5":{"name":"(anonymous_5)","decl":{"start":{"line":51,"column":44},"end":{"line":51,"column":45}},"loc":{"start":{"line":51,"column":58},"end":{"line":68,"column":1}},"line":51},"6":{"name":"(anonymous_6)","decl":{"start":{"line":52,"column":35},"end":{"line":52,"column":36}},"loc":{"start":{"line":52,"column":47},"end":{"line":67,"column":3}},"line":52},"7":{"name":"(anonymous_7)","decl":{"start":{"line":71,"column":48},"end":{"line":71,"column":49}},"loc":{"start":{"line":71,"column":62},"end":{"line":88,"column":1}},"line":71},"8":{"name":"(anonymous_8)","decl":{"start":{"line":72,"column":35},"end":{"line":72,"column":36}},"loc":{"start":{"line":72,"column":47},"end":{"line":87,"column":3}},"line":72},"9":{"name":"(anonymous_9)","decl":{"start":{"line":91,"column":64},"end":{"line":91,"column":65}},"loc":{"start":{"line":91,"column":78},"end":{"line":102,"column":1}},"line":91},"10":{"name":"(anonymous_10)","decl":{"start":{"line":92,"column":37},"end":{"line":92,"column":38}},"loc":{"start":{"line":92,"column":53},"end":{"line":101,"column":3}},"line":92},"11":{"name":"(anonymous_11)","decl":{"start":{"line":105,"column":42},"end":{"line":105,"column":43}},"loc":{"start":{"line":105,"column":56},"end":{"line":122,"column":1}},"line":105},"12":{"name":"(anonymous_12)","decl":{"start":{"line":106,"column":37},"end":{"line":106,"column":38}},"loc":{"start":{"line":106,"column":53},"end":{"line":121,"column":3}},"line":106},"13":{"name":"(anonymous_13)","decl":{"start":{"line":125,"column":43},"end":{"line":125,"column":44}},"loc":{"start":{"line":125,"column":57},"end":{"line":134,"column":1}},"line":125},"14":{"name":"(anonymous_14)","decl":{"start":{"line":126,"column":39},"end":{"line":126,"column":40}},"loc":{"start":{"line":126,"column":55},"end":{"line":133,"column":3}},"line":126},"15":{"name":"(anonymous_
[...]
ne":1805,"column":31},"end":{"line":2224,"column":7}},"line":1805},"84":{"name":"(anonymous_84)","decl":{"start":{"line":1810,"column":38},"end":{"line":1810,"column":39}},"loc":{"start":{"line":1810,"column":53},"end":{"line":2223,"column":9}},"line":1810},"85":{"name":"(anonymous_85)","decl":{"start":{"line":1816,"column":20},"end":{"line":1816,"column":21}},"loc":{"start":{"line":1816,"column":29},"end":{"line":2222,"column":11}},"line":1816},"86":{"name":"(anonymous_86)","decl":{"start":{"line":2212,"column":46},"end":{"line":2212,"column":47}},"loc":{"start":{"line":2212,"column":67},"end":{"line":2220,"column":13}},"line":2212},"87":{"name":"(anonymous_87)","decl":{"start":{"line":2230,"column":36},"end":{"line":2230,"column":37}},"loc":{"start":{"line":2230,"column":56},"end":{"line":2239,"column":1}},"line":2230},"88":{"name":"(anonymous_88)","decl":{"start":{"line":2232,"column":27},"end":{"line":2232,"column":28}},"loc":{"start":{"line":2232,"column":43},"end":{"line":2238,"column":3}},"line":2232},"89":{"name":"(anonymous_89)","decl":{"start":{"line":2242,"column":35},"end":{"line":2242,"column":36}},"loc":{"start":{"line":2242,"column":54},"end":{"line":2248,"column":1}},"line":2242},"90":{"name":"(anonymous_90)","decl":{"start":{"line":2244,"column":29},"end":{"line":2244,"column":30}},"loc":{"start":{"line":2244,"column":46},"end":{"line":2247,"column":3}},"line":2244},"91":{"name":"(anonymous_91)","decl":{"start":{"line":2251,"column":61},"end":{"line":2251,"column":62}},"loc":{"start":{"line":2251,"column":80},"end":{"line":2260,"column":1}},"line":2251},"92":{"name":"(anonymous_92)","decl":{"start":{"line":2253,"column":65},"end":{"line":2253,"column":66}},"loc":{"start":{"line":2253,"column":81},"end":{"line":2259,"column":5}},"line":2253},"93":{"name":"(anonymous_93)","decl":{"start":{"line":2263,"column":63},"end":{"line":2263,"column":64}},"loc":{"start":{"line":2263,"column":82},"end":{"line":2272,"column":1}},"line":2263},"94":{"name":"(anonymous_94)","decl":{"start":{"line":2265,"column":66},"end":{"line":2265,"column":67}},"loc":{"start":{"line":2265,"column":83},"end":{"line":2271,"column":5}},"line":2265}},"branchMap":{"0":{"loc":{"start":{"line":23,"column":2},"end":{"line":31,"column":3}},"type":"if","locations":[{"start":{"line":23,"column":2},"end":{"line":31,"column":3}},{"start":{"line":29,"column":9},"end":{"line":31,"column":3}}],"line":23},"1":{"loc":{"start":{"line":24,"column":4},"end":{"line":26,"column":33}},"type":"binary-expr","locations":[{"start":{"line":24,"column":4},"end":{"line":24,"column":34}},{"start":{"line":25,"column":4},"end":{"line":25,"column":33}},{"start":{"line":26,"column":4},"end":{"line":26,"column":33}}],"line":24},"2":{"loc":{"start":{"line":47,"column":4},"end":{"line":51,"column":5}},"type":"if","locations":[{"start":{"line":47,"column":4},"end":{"line":51,"column":5}},{"start":{"line":49,"column":11},"end":{"line":51,"column":5}}],"line":47},"3":{"loc":{"start":{"line":60,"column":4},"end":{"line":64,"column":5}},"type":"if","locations":[{"start":{"line":60,"column":4},"end":{"line":64,"column":5}},{"start":{"line":62,"column":11},"end":{"line":64,"column":5}}],"line":60},"4":{"loc":{"start":{"line":73,"column":4},"end":{"line":78,"column":5}},"type":"if","locations":[{"start":{"line":73,"column":4},"end":{"line":78,"column":5}},{"start":{"line":76,"column":11},"end":{"line":78,"column":5}}],"line":73},"5":{"loc":{"start":{"line":89,"column":4},"end":{"line":92,"column":5}},"type":"if","locations":[{"start":{"line":89,"column":4},"end":{"line":92,"column":5}},{"start":{},"end":{}}],"line":89},"6":{"loc":{"start":{"line":93,"column":4},"end":{"line":95,"column":5}},"type":"if","locations":[{"start":{"line":93,"column":4},"end":{"line":95,"column":5}},{"start":{},"end":{}}],"line":93},"7":{"loc":{"start":{"line":93,"column":8},"end":{"line":93,"column":41}},"type":"binary-expr","locations":[{"start":{"line":93,"column":8},"end":{"line":93,"column":13}},{"start":{"line":93,"column":17},"end":{"line":93,"column":41}}],"line":93},"8":{"loc":{"start":{"line":97,"column":4},"end":{"line":102,"column":5}},"type":"if","locations":[{"start":{"line":97,"column":4},"end":{"line":102,"column":5}},{"start":{},"end":{}}],"line":97},"9":{"loc":{"start":{"line":128,"column":4},"end":{"line":135,"column":5}},"type":"if","locations":[{"start":{"line":128,"column":4},"end":{"line":135,"column":5}},{"start":{"line":130,"column":11},"end":{"line":135,"column":5}}],"line":128},"10":{"loc":{"start":{"line":128,"column":8},"end":{"line":128,"column":55}},"type":"binary-expr","locations":[{"start":{"line":128,"column":8},"end":{"line":128,"column":13}},{"start":{"line":128,"column":17},"end":{"line":128,"column":33}},{"start":{"line":128,"column":37},"end":{"line":128,"column":55}}],"line":128},"11":{"loc":{"start":{"line":142,"column":4},"end":{"line":149,"column":5}},"type":"if","locations":[{"start":{"line":142,"column":4},"end":{"line":149,"column":5}},{"start":{"line":144,"column":11},"end":{"line":149,"column":5}}],"line":142},"12":{"loc":{"start":{"line":142,"column":8},"end":{"line":142,"column":48}},"type":"binary-expr","locations":[{"start":{"line":142,"column":8},"end":{"line":142,"column":39}},{"start":{"line":142,"column":43},"end":{"line":142,"column":48}}],"line":142},"13":{"loc":{"start":{"line":156,"column":4},"end":{"line":160,"column":5}},"type":"if","locations":[{"start":{"line":156,"column":4},"end":{"line":160,"column":5}},{"start":{"line":158,"column":11},"end":{"line":160,"column":5}}],"line":156},"14":{"loc":{"start":{"line":167,"column":4},"end":{"line":171,"column":5}},"type":"if","locations":[{"start":{"line":167,"column":4},"end":{"line":171,"column":5}},{"start":{"line":169,"column":11},"end":{"line":171,"column":5}}],"line":167},"15":{"loc":{"start":{"line":178,"column":4},"end":{"line":188,"column":5}},"type":"if","locations":[{"start":{"line":178,"column":4},"end":{"line":188,"column":5}},{"start":{"line":180,"column":11},"end":{"line":188,"column":5}}],"line":178},"16":{"loc":{"start":{"line":182,"column":8},"end":{"line":186,"column":9}},"type":"if","locations":[{"start":{"line":182,"column":8},"end":{"line":186,"column":9}},{"start":{"line":184,"column":15},"end":{"line":186,"column":9}}],"line":182},"17":{"loc":{"start":{"line":195,"column":6},"end":{"line":211,"column":7}},"type":"if","locations":[{"start":{"line":195,"column":6},"end":{"line":211,"column":7}},{"start":{"line":207,"column":13},"end":{"line":211,"column":7}}],"line":195},"18":{"loc":{"start":{"line":218,"column":2},"end":{"line":219,"column":90}},"type":"if","locations":[{"start":{"line":218,"column":2},"end":{"line":219,"column":90}},{"start":{},"end":{}}],"line":218},"19":{"loc":{"start":{"line":221,"column":6},"end":{"line":225,"column":7}},"type":"if","locations":[{"start":{"line":221,"column":6},"end":{"line":225,"column":7}},{"start":{"line":223,"column":13},"end":{"line":225,"column":7}}],"line":221},"20":{"loc":{"start":{"line":233,"column":6},"end":{"line":239,"column":7}},"type":"if","locations":[{"start":{"line":233,"column":6},"end":{"line":239,"column":7}},{"start":{"line":237,"column":13},"end":{"line":239,"column":7}}],"line":233},"21":{"loc":{"start":{"line":265,"column":4},"end":{"line":289,"column":5}},"type":"if","locations":[{"start":{"line":265,"column":4},"end":{"line":289,"column":5}},{"start":{"line":268,"column":11},"end":{"line":289,"column":5}}],"line":265},"22":{"loc":{"start":{"line":270,"column":8},"end":{"line":273,"column":9}},"type":"if","locations":[{"start":{"line":270,"column":8},"end":{"line":273,"column":9}},{"start":{},"end":{}}],"line":270},"23":{"loc":{"start":{"line":275,"column":10},"end":{"line":278,"column":11}},"type":"if","locations":[{"start":{"line":275,"column":10},"end":{"line":278,"column":11}},{"start":{},"end":{}}],"line":275},"24":{"loc":{"start":{"line":281,"column":12},"end":{"line":284,"column":13}},"type":"if","locations":[{"start":{"line":281,"column":12},"end":{"line":284,"column":13}},{"start":{},"end":{}}],"line":281},"25":{"loc":{"start":{"line":297,"column":4},"end":{"line":301,"column":5}},"type":"if","locations":[{"start":{"line":297,"column":4},"end":{"line":301,"column":5}},{"start":{"line":299,"column":11},"end":{"line":301,"column":5}}],"line":297},"26":{"loc":{"start":{"line":331,"column":4},"end":{"line":756,"column":5}},"type":"if","locations":[{"start":{"line":331,"column":4},"end":{"line":756,"column":5}},{"start":{"line":334,"column":11},"end":{"line":756,"column":5}}],"line":331},"27":{"loc":{"start":{"line":336,"column":8},"end":{"line":340,"column":9}},"type":"if","locations":[{"start":{"line":336,"column":8},"end":{"line":340,"column":9}},{"start":{},"end":{}}],"line":336},"28":{"loc":{"start":{"line":342,"column":10},"end":{"line":345,"column":11}},"type":"if","locations":[{"start":{"line":342,"column":10},"end":{"line":345,"column":11}},{"start":{},"end":{}}],"line":342},"29":{"loc":{"start":{"line":348,"column":12},"end":{"line":351,"column":13}},"type":"if","locations":[{"start":{"line":348,"column":12},"end":{"line":351,"column":13}},{"start":{},"end":{}}],"line":348},"30":{"loc":{"start":{"line":744,"column":14},"end":{"line":750,"column":15}},"type":"if","locations":[{"start":{"line":744,"column":14},"end":{"line":750,"column":15}},{"start":{"line":747,"column":21},"end":{"line":750,"column":15}}],"line":744},"31":{"loc":{"start":{"line":764,"column":4},"end":{"line":768,"column":5}},"type":"if","locations":[{"start":{"line":764,"column":4},"end":{"line":768,"column":5}},{"start":{"line":766,"column":11},"end":{"line":768,"column":5}}],"line":764},"32":{"loc":{"start":{"line":799,"column":4},"end":{"line":1223,"column":5}},"type":"if","locations":[{"start":{"line":799,"column":4},"end":{"line":1223,"column":5}},{"start":{"line":802,"column":11},"end":{"line":1223,"column":5}}],"line":799},"33":{"loc":{"start":{"line":804,"column":8},"end":{"line":807,"column":9}},"type":"if","locations":[{"start":{"line":804,"column":8},"end":{"line":807,"column":9}},{"start":{},"end":{}}],"line":804},"34":{"loc":{"start":{"line":809,"column":10},"end":{"line":812,"column":11}},"type":"if","locations":[{"start":{"line":809,"column":10},"end":{"line":812,"column":11}},{"start":{},"end":{}}],"line":809},"35":{"loc":{"start":{"line":815,"column":12},"end":{"line":818,"column":13}},"type":"if","locations":[{"start":{"line":815,"column":12},"end":{"line":818,"column":13}},{"start":{},"end":{}}],"line":815},"36":{"loc":{"start":{"line":1211,"column":14},"end":{"line":1217,"column":15}},"type":"if","locations":[{"start":{"line":1211,"column":14},"end":{"line":1217,"column":15}},{"start":{"line":1214,"column":21},"end":{"line":1217,"column":15}}],"line":1211},"37":{"loc":{"start":{"line":1231,"column":4},"end":{"line":1235,"column":5}},"type":"if","locations":[{"start":{"line":1231,"column":4},"end":{"line":1235,"column":5}},{"start":{"line":1233,"column":11},"end":{"line":1235,"column":5}}],"line":1231},"38":{"loc":{"start":{"line":1252,"column":8},"end":{"line":1256,"column":9}},"type":"if","locations":[{"start":{"line":1252,"column":8},"end":{"line":1256,"column":9}},{"start":{"line":1254,"column":15},"end":{"line":1256,"column":9}}],"line":1252},"39":{"loc":{"start":{"line":1264,"column":8},"end":{"line":1268,"column":9}},"type":"if","locations":[{"start":{"line":1264,"column":8},"end":{"line":1268,"column":9}},{"start":{"line":1266,"column":15},"end":{"line":1268,"column":9}}],"line":1264},"40":{"loc":{"start":{"line":1275,"column":4},"end":{"line":1279,"column":5}},"type":"if","locations":[{"start":{"line":1275,"column":4},"end":{"line":1279,"column":5}},{"start":{"line":1277,"column":11},"end":{"line":1279,"column":5}}],"line":1275},"41":{"loc":{"start":{"line":1287,"column":8},"end":{"line":1291,"column":9}},"type":"if","locations":[{"start":{"line":1287,"column":8},"end":{"line":1291,"column":9}},{"start":{"line":1289,"column":15},"end":{"line":1291,"column":9}}],"line":1287},"42":{"loc":{"start":{"line":1311,"column":4},"end":{"line":1735,"column":5}},"type":"if","locations":[{"start":{"line":1311,"column":4},"end":{"line":1735,"column":5}},{"start":{"line":1314,"column":11},"end":{"line":1735,"column":5}}],"line":1311},"43":{"loc":{"start":{"line":1316,"column":8},"end":{"line":1319,"column":9}},"type":"if","locations":[{"start":{"line":1316,"column":8},"end":{"line":1319,"column":9}},{"start":{},"end":{}}],"line":1316},"44":{"loc":{"start":{"line":1321,"column":10},"end":{"line":1324,"column":11}},"type":"if","locations":[{"start":{"line":1321,"column":10},"end":{"line":1324,"column":11}},{"start":{},"end":{}}],"line":1321},"45":{"loc":{"start":{"line":1327,"column":12},"end":{"line":1330,"column":13}},"type":"if","locations":[{"start":{"line":1327,"column":12},"end":{"line":1330,"column":13}},{"start":{},"end":{}}],"line":1327},"46":{"loc":{"start":{"line":1723,"column":14},"end":{"line":1729,"column":15}},"type":"if","locations":[{"start":{"line":1723,"column":14},"end":{"line":1729,"column":15}},{"start":{"line":1726,"column":21},"end":{"line":1729,"column":15}}],"line":1723},"47":{"loc":{"start":{"line":1743,"column":4},"end":{"line":1747,"column":5}},"type":"if","locations":[{"start":{"line":1743,"column":4},"end":{"line":1747,"column":5}},{"start":{"line":1745,"column":11},"end":{"line":1747,"column":5}}],"line":1743},"48":{"loc":{"start":{"line":1755,"column":4},"end":{"line":1759,"column":5}},"type":"if","locations":[{"start":{"line":1755,"column":4},"end":{"line":1759,"column":5}},{"start":{"line":1757,"column":11},"end":{"line":1759,"column":5}}],"line":1755},"49":{"loc":{"start":{"line":1776,"column":8},"end":{"line":1780,"column":9}},"type":"if","locations":[{"start":{"line":1776,"column":8},"end":{"line":1780,"column":9}},{"start":{"line":1778,"column":15},"end":{"line":1780,"column":9}}],"line":1776},"50":{"loc":{"start":{"line":1801,"column":4},"end":{"line":2225,"column":5}},"type":"if","locations":[{"start":{"line":1801,"column":4},"end":{"line":2225,"column":5}},{"start":{"line":1804,"column":11},"end":{"line":2225,"column":5}}],"line":1801},"51":{"loc":{"start":{"line":1806,"column":8},"end":{"line":1809,"column":9}},"type":"if","locations":[{"start":{"line":1806,"column":8},"end":{"line":1809,"column":9}},{"start":{},"end":{}}],"line":1806},"52":{"loc":{"start":{"line":1811,"column":10},"end":{"line":1814,"column":11}},"type":"if","locations":[{"start":{"line":1811,"column":10},"end":{"line":1814,"column":11}},{"start":{},"end":{}}],"line":1811},"53":{"loc":{"start":{"line":1817,"column":12},"end":{"line":1820,"column":13}},"type":"if","locations":[{"start":{"line":1817,"column":12},"end":{"line":1820,"column":13}},{"start":{},"end":{}}],"line":1817},"54":{"loc":{"start":{"line":2213,"column":14},"end":{"line":2219,"column":15}},"type":"if","locations":[{"start":{"line":2213,"column":14},"end":{"line":2219,"column":15}},{"start":{"line":2216,"column":21},"end":{"line":2219,"column":15}}],"line":2213},"55":{"loc":{"start":{"line":2233,"column":4},"end":{"line":2237,"column":5}},"type":"if","locations":[{"start":{"line":2233,"column":4},"end":{"line":2237,"column":5}},{"start":{"line":2235,"column":11},"end":{"line":2237,"column":5}}],"line":2233},"56":{"loc":{"start":{"line":2254,"column":8},"end":{"line":2258,"column":9}},"type":"if","locations":[{"start":{"line":2254,"column":8},"end":{"line":2258,"column":9}},{"start":{"line":2256,"column":15},"end":{"line":2258,"column":9}}],"line":2254},"57":{"loc":{"start":{"line":2266,"column":8},"end":{"line":2270,"column":9}},"type":"if","locations":[{"start":{"line":2266,"column":8},"end":{"line":2270,"column":9}},{"start":{"line":2268,"column":15},"end":{"line":2270,"column":9}}],"line":2266}},"s":{"0":1,"1":1,"2":1,"3":1,"4":1,"5":1,"6":1,"7":1,"8":1,"9":1,"10":1,"11":0,"12":0,"13":1,"14":0,"15":0,"16":0,"17":1,"18":1,"19":0,"20":0,"21":0,"22":0,"23":0,"24":0,"25":1,"26":0,"27":0,"28":0,"29":0,"30":0,"31":0,"32":1,"33":0,"34":0,"35":0,"36":0,"37":0,"38":0,"39":0,"40":1,"41":0,"42":0,"43":0,"44":0,"45":0,"46":0,"47":0,"48":0,"49":0,"50":0,"51":0,"52":0,"53":0,"54":0,"55":0,"56":0,"57":1,"58":0,"59":0,"60":0,"61":0,"62":0,"63":0,"64":0,"65":0,"66":0,"67":0,"68":1,"69":0,"70":0,"71":0,"72":0,"73":0,"74":0,"75":0,"76":1,"77":0,"78":0,"79":0,"80":0,"81":1,"82":0,"83":0,"84":0,"85":0,"86":1,"87":0,"88":0,"89":0,"90":0,"91":0,"92":0,"93":0,"94":1,"95":0,"96":0,"97":0,"98":0,"99":0,"100":0,"101":0,"102":0,"103":0,"104":0,"105":0,"106":0,"107":0,"108":0,"109":0,"110":1,"111":0,"112":0,"113":0,"114":0,"115":0,"116":0,"117":1,"118":0,"119":0,"120":0,"121":0,"122":0,"123":0,"124":1,"125":0,"126":0,"127":0,"128":1,"129":0,"130":0,"131":0,"132":0,"133":0,"134":0,"135":0,"136":0,"137":0,"138":0,"139":0,"140":0,"141":0,"142":0,"143":0,"144":0,"145":0,"146":0,"147":0,"148":1,"149":0,"150":0,"151":0,"152":0,"153":0,"154":1,"155":0,"156":0,"157":0,"158":0,"159":1,"160":0,"161":0,"162":0,"163":0,"164":0,"165":0,"166":0,"167":0,"168":0,"169":0,"170":0,"171":0,"172":0,"173":0,"174":0,"175":0,"176":0,"177":0,"178":0,"179":0,"180":0,"181":0,"182":0,"183":0,"184":0,"185":0,"186":0,"187":0,"188":1,"189":0,"190":0,"191":0,"192":0,"193":0,"194":1,"195":0,"196":0,"197":0,"198":0,"199":1,"200":0,"201":0,"202":0,"203":0,"204":0,"205":0,"206":0,"207":0,"208":0,"209":0,"210":0,"211":0,"212":0,"213":0,"214":0,"215":0,"216":0,"217":0,"218":0,"219":0,"220":0,"221":0,"222":0,"223":0,"224":0,"225":0,"226":0,"227":1,"228":0,"229":0,"230":0,"231":0,"232":0,"233":1,"234":0,"235":0,"236":0,"237":0,"238":1,"239":0,"240":0,"241":0,"242":0,"243":0,"244":1,"245":0,"246":0,"247":0,"248":0,"249":0,"250":1,"251":0,"252":0,"253":0,"254":0,"255":1,"256":0,"257":0,"258":0,"259":0,"260":0,"261":1,"262":0,"263":0,"264":0,"265":0,"266":0,"267":0,"268":0,"269":0,"270":0,"271":0,"272":0,"273":0,"274":0,"275":0,"276":0,"277":0,"278":0,"279":0,"280":0,"281":0,"282":0,"283":0,"284":0,"285":0,"286":0,"287":0,"288":0,"289":1,"290":0,"291":0,"292":0,"293":0,"294":0,"295":1,"296":0,"297":0,"298":0,"299":0,"300":0,"301":1,"302":0,"303":0,"304":0,"305":0,"306":1,"307":0,"308":0,"309":0,"310":0,"311":0,"312":1,"313":0,"314":0,"315":0,"316":0,"317":0,"318":0,"319":0,"320":0,"321":0,"322":0,"323":0,"324":0,"325":0,"326":0,"327":0,"328":0,"329":0,"330":0,"331":0,"332":0,"333":0,"334":0,"335":0,"336":0,"337":0,"338":0,"339":0,"340":1,"341":0,"342":0,"343":0,"344":0,"345":0,"346":1,"347":0,"348":0,"349":0,"350":0,"351":1,"352":0,"353":0,"354":0,"355":0,"356":0,"357":1,"358":0,"359":0,"360":0,"361":0,"362":0,"363":1},"f":{"0":0,"1":0,"2":0,"3":0,"4":0,"5":0,"6":0,"7":0,"8":0,"9":0,"10":0,"11":0,"12":0,"13":0,"14":0,"15":0,"16":0,"17":0,"18":0,"19":0,"20":0,"21":0,"22":0,"23":0,"24":0,"25":0,"26":0,"27":0,"28":0,"29":0,"30":0,"31":0,"32":0,"33":0,"34":0,"35":0,"36":0,"37":0,"38":0,"39":0,"40":0,"41":0,"42":0,"43":0,"44":0,"45":0,"46":0,"47":0,"48":0,"49":0,"50":0,"51":0,"52":0,"53":0,"54":0,"55":0,"56":0,"57":0,"58":0,"59":0,"60":0,"61":0,"62":0,"63":0,"64":0,"65":0,"66":0,"67":0,"68":0,"69":0,"70":0,"71":0,"72":0,"73":0,"74":0,"75":0,"76":0,"77":0,"78":0,"79":0,"80":0,"81":0,"82":0,"83":0,"84":0,"85":0,"86":0,"87":0,"88":0,"89":0,"90":0,"91":0,"92":0,"93":0,"94":0},"b":{"0":[0,0],"1":[0,0,0],"2":[0,0],"3":[0,0],"4":[0,0],"5":[0,0],"6":[0,0],"7":[0,0],"8":[0,0],"9":[0,0],"10":[0,0,0],"11":[0,0],"12":[0,0],"13":[0,0],"14":[0,0],"15":[0,0],"16":[0,0],"17":[0,0],"18":[0,0],"19":[0,0],"20":[0,0],"21":[0,0],"22":[0,0],"23":[0,0],"24":[0,0],"25":[0,0],"26":[0,0],"27":[0,0],"28":[0,0],"29":[0,0],"30":[0,0],"31":[0,0],"32":[0,0],"33":[0,0],"34":[0,0],"35":[0,0],"36":[0,0],"37":[0,0],"38":[0,0],"39":[0,0],"40":[0,0],"41":[0,0],"42":[0,0],"43":[0,0],"44":[0,0],"45":[0,0],"46":[0,0],"47":[0,0],"48":[0,0],"49":[0,0],"50":[0,0],"51":[0,0],"52":[0,0],"53":[0,0],"54":[0,0],"55":[0,0],"56":[0,0],"57":[0,0]},"_coverageSchema":"1a1c01bbd47fc00a2c39e90264f33305004495a9","hash":"ee60ea85e90fd56b11a3353faef4e0e021e42b62"}
}
