TN:
SF:Config\auth.config.js
FNF:0
FNH:0
DA:1,1
LF:1
LH:1
BRF:0
BRH:0
end_of_record
TN:
SF:Models\BlogModel.js
FNF:0
FNH:0
DA:1,2
DA:2,2
DA:4,2
DA:24,2
LF:4
LH:4
BRF:0
BRH:0
end_of_record
TN:
SF:Models\ClassModel.js
FNF:0
FNH:0
DA:1,3
DA:2,3
DA:4,3
DA:16,3
LF:4
LH:4
BRF:0
BRH:0
end_of_record
TN:
SF:Models\CommentaireModel.js
FNF:0
FNH:0
DA:1,3
DA:2,3
DA:4,3
DA:24,3
LF:4
LH:4
BRF:0
BRH:0
end_of_record
TN:
SF:Models\DemandeDocumentModel.js
FNF:0
FNH:0
DA:1,1
DA:2,1
DA:4,1
DA:19,1
LF:4
LH:4
BRF:0
BRH:0
end_of_record
TN:
SF:Models\DocumentModel.js
FNF:0
FNH:0
DA:1,1
DA:2,1
DA:4,1
DA:19,1
LF:4
LH:4
BRF:0
BRH:0
end_of_record
TN:
SF:Models\EventModel.js
FNF:0
FNH:0
DA:1,1
DA:2,1
DA:4,1
DA:26,1
LF:4
LH:4
BRF:0
BRH:0
end_of_record
TN:
SF:Models\FiliereModel.js
FNF:0
FNH:0
DA:1,2
DA:2,2
DA:4,2
DA:12,2
LF:4
LH:4
BRF:0
BRH:0
end_of_record
TN:
SF:Models\MatiereModel.js
FNF:0
FNH:0
DA:1,2
DA:2,2
DA:4,2
DA:13,2
LF:4
LH:4
BRF:0
BRH:0
end_of_record
TN:
SF:Models\NiveauModel.js
FNF:0
FNH:0
DA:1,3
DA:2,3
DA:4,3
DA:13,3
LF:4
LH:4
BRF:0
BRH:0
end_of_record
TN:
SF:Models\NoteModel.js
FNF:0
FNH:0
DA:1,1
DA:2,1
DA:4,1
DA:14,1
LF:4
LH:4
BRF:0
BRH:0
end_of_record
TN:
SF:Models\PeriodeModel.js
FNF:0
FNH:0
DA:1,1
DA:2,1
DA:4,1
DA:14,1
LF:4
LH:4
BRF:0
BRH:0
end_of_record
TN:
SF:Models\RoleModel.js
FNF:0
FNH:0
DA:1,2
DA:2,2
DA:4,2
DA:8,2
LF:4
LH:4
BRF:0
BRH:0
end_of_record
TN:
SF:Models\SalleModel.js
FNF:0
FNH:0
DA:1,2
DA:2,2
DA:4,2
DA:14,2
LF:4
LH:4
BRF:0
BRH:0
end_of_record
TN:
SF:Models\SeanceModel.js
FNF:0
FNH:0
DA:1,1
DA:2,1
DA:4,1
DA:31,1
LF:4
LH:4
BRF:0
BRH:0
end_of_record
TN:
SF:Models\SexModel.js
FNF:0
FNH:0
DA:1,12
LF:1
LH:1
BRF:0
BRH:0
end_of_record
TN:
SF:Models\SpecialiteModel.js
FNF:0
FNH:0
DA:1,3
DA:2,3
DA:4,3
DA:13,3
LF:4
LH:4
BRF:0
BRH:0
end_of_record
TN:
SF:Models\UserModel.js
FNF:0
FNH:0
DA:1,12
DA:2,12
DA:3,12
DA:5,12
DA:54,12
LF:5
LH:5
BRF:0
BRH:0
end_of_record
TN:
SF:Routes\BlogRouter.js
FN:9,(anonymous_0)
FN:12,(anonymous_1)
FN:17,(anonymous_2)
FN:38,(anonymous_3)
FN:39,(anonymous_4)
FN:50,(anonymous_5)
FN:51,(anonymous_6)
FN:68,(anonymous_7)
FN:69,(anonymous_8)
FN:86,(anonymous_9)
FN:87,(anonymous_10)
FN:100,(anonymous_11)
FN:101,(anonymous_12)
FN:118,(anonymous_13)
FN:119,(anonymous_14)
FN:130,(anonymous_15)
FN:131,(anonymous_16)
FN:141,(anonymous_17)
FN:142,(anonymous_18)
FN:146,(anonymous_19)
FN:158,(anonymous_20)
FN:159,(anonymous_21)
FN:169,(anonymous_22)
FN:170,(anonymous_23)
FN:180,(anonymous_24)
FN:181,(anonymous_25)
FN:193,(anonymous_26)
FN:194,(anonymous_27)
FN:206,(anonymous_28)
FN:207,(anonymous_29)
FNF:30
FNH:0
FNDA:0,(anonymous_0)
FNDA:0,(anonymous_1)
FNDA:0,(anonymous_2)
FNDA:0,(anonymous_3)
FNDA:0,(anonymous_4)
FNDA:0,(anonymous_5)
FNDA:0,(anonymous_6)
FNDA:0,(anonymous_7)
FNDA:0,(anonymous_8)
FNDA:0,(anonymous_9)
FNDA:0,(anonymous_10)
FNDA:0,(anonymous_11)
FNDA:0,(anonymous_12)
FNDA:0,(anonymous_13)
FNDA:0,(anonymous_14)
FNDA:0,(anonymous_15)
FNDA:0,(anonymous_16)
FNDA:0,(anonymous_17)
FNDA:0,(anonymous_18)
FNDA:0,(anonymous_19)
FNDA:0,(anonymous_20)
FNDA:0,(anonymous_21)
FNDA:0,(anonymous_22)
FNDA:0,(anonymous_23)
FNDA:0,(anonymous_24)
FNDA:0,(anonymous_25)
FNDA:0,(anonymous_26)
FNDA:0,(anonymous_27)
FNDA:0,(anonymous_28)
FNDA:0,(anonymous_29)
DA:1,1
DA:2,1
DA:3,1
DA:4,1
DA:5,1
DA:6,1
DA:8,1
DA:10,0
DA:13,0
DA:17,1
DA:18,0
DA:24,0
DA:26,0
DA:30,1
DA:38,1
DA:39,0
DA:40,0
DA:41,0
DA:42,0
DA:44,0
DA:50,1
DA:51,0
DA:52,0
DA:58,0
DA:59,0
DA:61,0
DA:62,0
DA:68,1
DA:69,0
DA:70,0
DA:76,0
DA:77,0
DA:79,0
DA:80,0
DA:86,1
DA:87,0
DA:88,0
DA:89,0
DA:90,0
DA:91,0
DA:92,0
DA:94,0
DA:100,1
DA:101,0
DA:102,0
DA:103,0
DA:106,0
DA:107,0
DA:109,0
DA:110,0
DA:111,0
DA:113,0
DA:118,1
DA:119,0
DA:120,0
DA:121,0
DA:122,0
DA:124,0
DA:130,1
DA:131,0
DA:132,0
DA:133,0
DA:135,0
DA:141,1
DA:142,0
DA:143,0
DA:144,0
DA:146,0
DA:147,0
DA:148,0
DA:150,0
DA:158,1
DA:159,0
DA:160,0
DA:161,0
DA:163,0
DA:169,1
DA:170,0
DA:171,0
DA:172,0
DA:174,0
DA:180,1
DA:181,0
DA:182,0
DA:183,0
DA:185,0
DA:186,0
DA:187,0
DA:193,1
DA:194,0
DA:195,0
DA:196,0
DA:198,0
DA:199,0
DA:200,0
DA:206,1
DA:207,0
DA:208,0
DA:209,0
DA:210,0
DA:211,0
DA:213,0
DA:219,1
LF:103
LH:23
BRDA:18,0,0,0
BRDA:18,0,1,0
BRDA:19,1,0,0
BRDA:19,1,1,0
BRDA:19,1,2,0
BRDA:19,1,3,0
BRDA:40,2,0,0
BRDA:40,2,1,0
BRDA:58,3,0,0
BRDA:58,3,1,0
BRDA:76,4,0,0
BRDA:76,4,1,0
BRDA:91,5,0,0
BRDA:91,5,1,0
BRDA:102,6,0,0
BRDA:102,6,1,0
BRDA:120,7,0,0
BRDA:120,7,1,0
BRDA:132,8,0,0
BRDA:132,8,1,0
BRDA:143,9,0,0
BRDA:143,9,1,0
BRDA:147,10,0,0
BRDA:147,10,1,0
BRDA:160,11,0,0
BRDA:160,11,1,0
BRDA:171,12,0,0
BRDA:171,12,1,0
BRDA:182,13,0,0
BRDA:182,13,1,0
BRDA:195,14,0,0
BRDA:195,14,1,0
BRDA:208,15,0,0
BRDA:208,15,1,0
BRF:34
BRH:0
end_of_record
TN:
SF:Routes\ClassRouter.js
FN:9,(anonymous_0)
FN:10,(anonymous_1)
FN:20,(anonymous_2)
FN:21,(anonymous_3)
FN:31,(anonymous_4)
FN:32,(anonymous_5)
FN:48,(anonymous_6)
FN:49,(anonymous_7)
FN:59,(anonymous_8)
FN:60,(anonymous_9)
FN:70,(anonymous_10)
FN:71,(anonymous_11)
FN:81,(anonymous_12)
FN:82,(anonymous_13)
FN:92,(anonymous_14)
FN:102,(anonymous_15)
FN:114,(anonymous_16)
FN:115,(anonymous_17)
FN:119,(anonymous_18)
FNF:19
FNH:0
FNDA:0,(anonymous_0)
FNDA:0,(anonymous_1)
FNDA:0,(anonymous_2)
FNDA:0,(anonymous_3)
FNDA:0,(anonymous_4)
FNDA:0,(anonymous_5)
FNDA:0,(anonymous_6)
FNDA:0,(anonymous_7)
FNDA:0,(anonymous_8)
FNDA:0,(anonymous_9)
FNDA:0,(anonymous_10)
FNDA:0,(anonymous_11)
FNDA:0,(anonymous_12)
FNDA:0,(anonymous_13)
FNDA:0,(anonymous_14)
FNDA:0,(anonymous_15)
FNDA:0,(anonymous_16)
FNDA:0,(anonymous_17)
FNDA:0,(anonymous_18)
DA:1,1
DA:2,1
DA:3,1
DA:4,1
DA:5,1
DA:6,1
DA:9,1
DA:10,0
DA:11,0
DA:12,0
DA:14,0
DA:20,1
DA:21,0
DA:22,0
DA:23,0
DA:25,0
DA:31,1
DA:32,0
DA:33,0
DA:34,0
DA:36,0
DA:41,0
DA:42,0
DA:48,1
DA:49,0
DA:50,0
DA:51,0
DA:53,0
DA:59,1
DA:60,0
DA:61,0
DA:62,0
DA:64,0
DA:70,1
DA:71,0
DA:72,0
DA:73,0
DA:75,0
DA:81,1
DA:82,0
DA:83,0
DA:84,0
DA:86,0
DA:92,1
DA:93,0
DA:94,0
DA:96,0
DA:103,0
DA:104,0
DA:106,0
DA:114,1
DA:115,0
DA:116,0
DA:117,0
DA:119,0
DA:120,0
DA:121,0
DA:123,0
DA:131,1
LF:59
LH:16
BRDA:11,0,0,0
BRDA:11,0,1,0
BRDA:22,1,0,0
BRDA:22,1,1,0
BRDA:33,2,0,0
BRDA:33,2,1,0
BRDA:50,3,0,0
BRDA:50,3,1,0
BRDA:61,4,0,0
BRDA:61,4,1,0
BRDA:72,5,0,0
BRDA:72,5,1,0
BRDA:83,6,0,0
BRDA:83,6,1,0
BRDA:93,7,0,0
BRDA:93,7,1,0
BRDA:103,8,0,0
BRDA:103,8,1,0
BRDA:116,9,0,0
BRDA:116,9,1,0
BRDA:120,10,0,0
BRDA:120,10,1,0
BRF:22
BRH:0
end_of_record
TN:
SF:Routes\CommentaireRouter.js
FN:9,(anonymous_0)
FN:10,(anonymous_1)
FN:20,(anonymous_2)
FN:21,(anonymous_3)
FN:31,(anonymous_4)
FN:32,(anonymous_5)
FN:42,(anonymous_6)
FN:43,(anonymous_7)
FN:53,(anonymous_8)
FN:59,(anonymous_9)
FN:73,(anonymous_10)
FN:76,(anonymous_11)
FN:86,(anonymous_12)
FN:87,(anonymous_13)
FN:91,(anonymous_14)
FN:103,(anonymous_15)
FN:113,(anonymous_16)
FN:125,(anonymous_17)
FN:126,(anonymous_18)
FN:136,(anonymous_19)
FN:137,(anonymous_20)
FNF:21
FNH:0
FNDA:0,(anonymous_0)
FNDA:0,(anonymous_1)
FNDA:0,(anonymous_2)
FNDA:0,(anonymous_3)
FNDA:0,(anonymous_4)
FNDA:0,(anonymous_5)
FNDA:0,(anonymous_6)
FNDA:0,(anonymous_7)
FNDA:0,(anonymous_8)
FNDA:0,(anonymous_9)
FNDA:0,(anonymous_10)
FNDA:0,(anonymous_11)
FNDA:0,(anonymous_12)
FNDA:0,(anonymous_13)
FNDA:0,(anonymous_14)
FNDA:0,(anonymous_15)
FNDA:0,(anonymous_16)
FNDA:0,(anonymous_17)
FNDA:0,(anonymous_18)
FNDA:0,(anonymous_19)
FNDA:0,(anonymous_20)
DA:1,1
DA:2,1
DA:3,1
DA:4,1
DA:5,1
DA:6,1
DA:9,1
DA:10,0
DA:11,0
DA:12,0
DA:14,0
DA:20,1
DA:21,0
DA:22,0
DA:23,0
DA:25,0
DA:31,1
DA:32,0
DA:33,0
DA:34,0
DA:36,0
DA:42,1
DA:43,0
DA:44,0
DA:45,0
DA:47,0
DA:53,1
DA:54,0
DA:59,0
DA:60,0
DA:61,0
DA:63,0
DA:64,0
DA:65,0
DA:66,0
DA:67,0
DA:73,1
DA:74,0
DA:75,0
DA:76,0
DA:77,0
DA:78,0
DA:80,0
DA:86,1
DA:87,0
DA:88,0
DA:89,0
DA:91,0
DA:92,0
DA:93,0
DA:95,0
DA:103,1
DA:104,0
DA:105,0
DA:107,0
DA:114,0
DA:115,0
DA:117,0
DA:125,1
DA:126,0
DA:127,0
DA:128,0
DA:130,0
DA:136,1
DA:137,0
DA:138,0
DA:139,0
DA:141,0
DA:146,1
LF:69
LH:17
BRDA:11,0,0,0
BRDA:11,0,1,0
BRDA:22,1,0,0
BRDA:22,1,1,0
BRDA:33,2,0,0
BRDA:33,2,1,0
BRDA:44,3,0,0
BRDA:44,3,1,0
BRDA:60,4,0,0
BRDA:60,4,1,0
BRDA:77,5,0,0
BRDA:77,5,1,0
BRDA:88,6,0,0
BRDA:88,6,1,0
BRDA:92,7,0,0
BRDA:92,7,1,0
BRDA:104,8,0,0
BRDA:104,8,1,0
BRDA:114,9,0,0
BRDA:114,9,1,0
BRDA:127,10,0,0
BRDA:127,10,1,0
BRDA:138,11,0,0
BRDA:138,11,1,0
BRF:24
BRH:0
end_of_record
TN:
SF:Routes\ContactRouter.js
FN:11,(anonymous_0)
FN:42,(anonymous_1)
FN:54,(anonymous_2)
FN:85,(anonymous_3)
FN:87,(anonymous_4)
FNF:5
FNH:0
FNDA:0,(anonymous_0)
FNDA:0,(anonymous_1)
FNDA:0,(anonymous_2)
FNDA:0,(anonymous_3)
FNDA:0,(anonymous_4)
DA:1,1
DA:2,1
DA:3,1
DA:4,1
DA:5,1
DA:6,1
DA:8,1
DA:11,1
DA:19,0
DA:27,0
DA:42,0
DA:43,0
DA:44,0
DA:45,0
DA:47,0
DA:48,0
DA:54,1
DA:55,0
DA:70,0
DA:85,0
DA:86,0
DA:87,0
DA:88,0
DA:89,0
DA:90,0
DA:92,0
DA:93,0
DA:97,0
DA:102,1
LF:29
LH:10
BRDA:43,0,0,0
BRDA:43,0,1,0
BRDA:86,1,0,0
BRDA:86,1,1,0
BRDA:88,2,0,0
BRDA:88,2,1,0
BRF:6
BRH:0
end_of_record
TN:
SF:Routes\DemandeDocumentRouter.js
FN:9,(anonymous_0)
FN:10,(anonymous_1)
FN:21,(anonymous_2)
FN:22,(anonymous_3)
FN:33,(anonymous_4)
FN:51,(anonymous_5)
FN:52,(anonymous_6)
FN:73,(anonymous_7)
FNF:8
FNH:0
FNDA:0,(anonymous_0)
FNDA:0,(anonymous_1)
FNDA:0,(anonymous_2)
FNDA:0,(anonymous_3)
FNDA:0,(anonymous_4)
FNDA:0,(anonymous_5)
FNDA:0,(anonymous_6)
FNDA:0,(anonymous_7)
DA:1,1
DA:2,1
DA:3,1
DA:4,1
DA:5,1
DA:9,1
DA:10,0
DA:11,0
DA:12,0
DA:13,0
DA:15,0
DA:21,1
DA:22,0
DA:23,0
DA:24,0
DA:25,0
DA:27,0
DA:33,1
DA:34,0
DA:35,0
DA:41,0
DA:42,0
DA:44,0
DA:45,0
DA:51,1
DA:52,0
DA:53,0
DA:54,0
DA:56,0
DA:57,0
DA:58,0
DA:59,0
DA:60,0
DA:67,0
DA:73,0
DA:74,0
DA:75,0
DA:76,0
DA:78,0
DA:79,0
DA:87,1
LF:41
LH:10
BRDA:11,0,0,0
BRDA:11,0,1,0
BRDA:23,1,0,0
BRDA:23,1,1,0
BRDA:41,2,0,0
BRDA:41,2,1,0
BRDA:53,3,0,0
BRDA:53,3,1,0
BRDA:74,4,0,0
BRDA:74,4,1,0
BRF:10
BRH:0
end_of_record
TN:
SF:Routes\DocumentRouter.js
FN:8,(anonymous_0)
FN:11,(anonymous_1)
FN:16,(anonymous_2)
FN:29,(anonymous_3)
FN:37,(anonymous_4)
FN:47,(anonymous_5)
FN:48,(anonymous_6)
FN:59,(anonymous_7)
FN:60,(anonymous_8)
FN:71,(anonymous_9)
FN:72,(anonymous_10)
FN:83,(anonymous_11)
FN:84,(anonymous_12)
FNF:13
FNH:0
FNDA:0,(anonymous_0)
FNDA:0,(anonymous_1)
FNDA:0,(anonymous_2)
FNDA:0,(anonymous_3)
FNDA:0,(anonymous_4)
FNDA:0,(anonymous_5)
FNDA:0,(anonymous_6)
FNDA:0,(anonymous_7)
FNDA:0,(anonymous_8)
FNDA:0,(anonymous_9)
FNDA:0,(anonymous_10)
FNDA:0,(anonymous_11)
FNDA:0,(anonymous_12)
DA:1,1
DA:2,1
DA:3,1
DA:4,1
DA:7,1
DA:9,0
DA:12,0
DA:16,1
DA:17,0
DA:20,1
DA:29,1
DA:30,0
DA:37,0
DA:38,0
DA:39,0
DA:41,0
DA:47,1
DA:48,0
DA:49,0
DA:50,0
DA:51,0
DA:53,0
DA:59,1
DA:60,0
DA:61,0
DA:62,0
DA:63,0
DA:65,0
DA:71,1
DA:72,0
DA:73,0
DA:74,0
DA:75,0
DA:77,0
DA:83,1
DA:84,0
DA:85,0
DA:86,0
DA:88,0
DA:93,1
LF:40
LH:13
BRDA:38,0,0,0
BRDA:38,0,1,0
BRDA:49,1,0,0
BRDA:49,1,1,0
BRDA:61,2,0,0
BRDA:61,2,1,0
BRDA:73,3,0,0
BRDA:73,3,1,0
BRDA:85,4,0,0
BRDA:85,4,1,0
BRF:10
BRH:0
end_of_record
TN:
SF:Routes\EventRouter.js
FN:9,(anonymous_0)
FN:12,(anonymous_1)
FN:17,(anonymous_2)
FN:39,(anonymous_3)
FN:40,(anonymous_4)
FN:51,(anonymous_5)
FN:52,(anonymous_6)
FN:71,(anonymous_7)
FN:72,(anonymous_8)
FN:91,(anonymous_9)
FN:92,(anonymous_10)
FN:105,(anonymous_11)
FN:106,(anonymous_12)
FN:125,(anonymous_13)
FN:126,(anonymous_14)
FN:137,(anonymous_15)
FN:138,(anonymous_16)
FN:148,(anonymous_17)
FN:149,(anonymous_18)
FN:153,(anonymous_19)
FN:165,(anonymous_20)
FN:166,(anonymous_21)
FN:176,(anonymous_22)
FN:177,(anonymous_23)
FN:187,(anonymous_24)
FN:188,(anonymous_25)
FN:200,(anonymous_26)
FN:201,(anonymous_27)
FN:213,(anonymous_28)
FN:214,(anonymous_29)
FNF:30
FNH:0
FNDA:0,(anonymous_0)
FNDA:0,(anonymous_1)
FNDA:0,(anonymous_2)
FNDA:0,(anonymous_3)
FNDA:0,(anonymous_4)
FNDA:0,(anonymous_5)
FNDA:0,(anonymous_6)
FNDA:0,(anonymous_7)
FNDA:0,(anonymous_8)
FNDA:0,(anonymous_9)
FNDA:0,(anonymous_10)
FNDA:0,(anonymous_11)
FNDA:0,(anonymous_12)
FNDA:0,(anonymous_13)
FNDA:0,(anonymous_14)
FNDA:0,(anonymous_15)
FNDA:0,(anonymous_16)
FNDA:0,(anonymous_17)
FNDA:0,(anonymous_18)
FNDA:0,(anonymous_19)
FNDA:0,(anonymous_20)
FNDA:0,(anonymous_21)
FNDA:0,(anonymous_22)
FNDA:0,(anonymous_23)
FNDA:0,(anonymous_24)
FNDA:0,(anonymous_25)
FNDA:0,(anonymous_26)
FNDA:0,(anonymous_27)
FNDA:0,(anonymous_28)
FNDA:0,(anonymous_29)
DA:1,1
DA:2,1
DA:3,1
DA:4,1
DA:5,1
DA:6,1
DA:8,1
DA:10,0
DA:13,0
DA:17,1
DA:18,0
DA:24,0
DA:26,0
DA:30,1
DA:39,1
DA:40,0
DA:41,0
DA:42,0
DA:43,0
DA:45,0
DA:51,1
DA:52,0
DA:53,0
DA:61,0
DA:62,0
DA:64,0
DA:65,0
DA:71,1
DA:72,0
DA:73,0
DA:81,0
DA:82,0
DA:84,0
DA:85,0
DA:91,1
DA:92,0
DA:93,0
DA:94,0
DA:95,0
DA:96,0
DA:97,0
DA:99,0
DA:105,1
DA:106,0
DA:107,0
DA:108,0
DA:113,0
DA:114,0
DA:116,0
DA:117,0
DA:118,0
DA:120,0
DA:125,1
DA:126,0
DA:127,0
DA:128,0
DA:129,0
DA:131,0
DA:137,1
DA:138,0
DA:139,0
DA:140,0
DA:142,0
DA:148,1
DA:149,0
DA:150,0
DA:151,0
DA:153,0
DA:154,0
DA:155,0
DA:157,0
DA:165,1
DA:166,0
DA:167,0
DA:168,0
DA:170,0
DA:176,1
DA:177,0
DA:178,0
DA:179,0
DA:181,0
DA:187,1
DA:188,0
DA:189,0
DA:190,0
DA:192,0
DA:193,0
DA:194,0
DA:200,1
DA:201,0
DA:202,0
DA:203,0
DA:205,0
DA:206,0
DA:207,0
DA:213,1
DA:214,0
DA:215,0
DA:216,0
DA:217,0
DA:218,0
DA:220,0
DA:226,1
LF:103
LH:23
BRDA:18,0,0,0
BRDA:18,0,1,0
BRDA:19,1,0,0
BRDA:19,1,1,0
BRDA:19,1,2,0
BRDA:19,1,3,0
BRDA:41,2,0,0
BRDA:41,2,1,0
BRDA:61,3,0,0
BRDA:61,3,1,0
BRDA:81,4,0,0
BRDA:81,4,1,0
BRDA:96,5,0,0
BRDA:96,5,1,0
BRDA:107,6,0,0
BRDA:107,6,1,0
BRDA:127,7,0,0
BRDA:127,7,1,0
BRDA:139,8,0,0
BRDA:139,8,1,0
BRDA:150,9,0,0
BRDA:150,9,1,0
BRDA:154,10,0,0
BRDA:154,10,1,0
BRDA:167,11,0,0
BRDA:167,11,1,0
BRDA:178,12,0,0
BRDA:178,12,1,0
BRDA:189,13,0,0
BRDA:189,13,1,0
BRDA:202,14,0,0
BRDA:202,14,1,0
BRDA:215,15,0,0
BRDA:215,15,1,0
BRF:34
BRH:0
end_of_record
TN:
SF:Routes\FiliereRouter.js
FN:9,(anonymous_0)
FN:10,(anonymous_1)
FN:20,(anonymous_2)
FN:21,(anonymous_3)
FN:37,(anonymous_4)
FN:38,(anonymous_5)
FN:48,(anonymous_6)
FN:49,(anonymous_7)
FN:59,(anonymous_8)
FN:60,(anonymous_9)
FN:70,(anonymous_10)
FN:71,(anonymous_11)
FN:75,(anonymous_12)
FN:87,(anonymous_13)
FN:88,(anonymous_14)
FN:98,(anonymous_15)
FN:108,(anonymous_16)
FNF:17
FNH:0
FNDA:0,(anonymous_0)
FNDA:0,(anonymous_1)
FNDA:0,(anonymous_2)
FNDA:0,(anonymous_3)
FNDA:0,(anonymous_4)
FNDA:0,(anonymous_5)
FNDA:0,(anonymous_6)
FNDA:0,(anonymous_7)
FNDA:0,(anonymous_8)
FNDA:0,(anonymous_9)
FNDA:0,(anonymous_10)
FNDA:0,(anonymous_11)
FNDA:0,(anonymous_12)
FNDA:0,(anonymous_13)
FNDA:0,(anonymous_14)
FNDA:0,(anonymous_15)
FNDA:0,(anonymous_16)
DA:1,1
DA:2,1
DA:3,1
DA:4,1
DA:5,1
DA:6,1
DA:9,1
DA:10,0
DA:11,0
DA:12,0
DA:14,0
DA:20,1
DA:21,0
DA:22,0
DA:26,0
DA:27,0
DA:28,0
DA:30,0
DA:31,0
DA:37,1
DA:38,0
DA:39,0
DA:40,0
DA:42,0
DA:48,1
DA:49,0
DA:50,0
DA:51,0
DA:53,0
DA:59,1
DA:60,0
DA:61,0
DA:62,0
DA:64,0
DA:70,1
DA:71,0
DA:72,0
DA:73,0
DA:75,0
DA:76,0
DA:77,0
DA:79,0
DA:87,1
DA:88,0
DA:89,0
DA:90,0
DA:92,0
DA:98,1
DA:99,0
DA:100,0
DA:102,0
DA:109,0
DA:110,0
DA:112,0
DA:120,1
LF:55
LH:15
BRDA:11,0,0,0
BRDA:11,0,1,0
BRDA:26,1,0,0
BRDA:26,1,1,0
BRDA:39,2,0,0
BRDA:39,2,1,0
BRDA:50,3,0,0
BRDA:50,3,1,0
BRDA:61,4,0,0
BRDA:61,4,1,0
BRDA:72,5,0,0
BRDA:72,5,1,0
BRDA:76,6,0,0
BRDA:76,6,1,0
BRDA:89,7,0,0
BRDA:89,7,1,0
BRDA:99,8,0,0
BRDA:99,8,1,0
BRDA:109,9,0,0
BRDA:109,9,1,0
BRF:20
BRH:0
end_of_record
TN:
SF:Routes\MatiereRouter.js
FN:8,(anonymous_0)
FN:9,(anonymous_1)
FN:26,(anonymous_2)
FN:27,(anonymous_3)
FN:37,(anonymous_4)
FN:38,(anonymous_5)
FN:48,(anonymous_6)
FN:49,(anonymous_7)
FNF:8
FNH:0
FNDA:0,(anonymous_0)
FNDA:0,(anonymous_1)
FNDA:0,(anonymous_2)
FNDA:0,(anonymous_3)
FNDA:0,(anonymous_4)
FNDA:0,(anonymous_5)
FNDA:0,(anonymous_6)
FNDA:0,(anonymous_7)
DA:1,1
DA:2,1
DA:3,1
DA:4,1
DA:8,1
DA:9,0
DA:10,0
DA:15,0
DA:16,0
DA:18,0
DA:19,0
DA:26,1
DA:27,0
DA:28,0
DA:29,0
DA:31,0
DA:37,1
DA:38,0
DA:39,0
DA:40,0
DA:42,0
DA:48,1
DA:49,0
DA:50,0
DA:51,0
DA:53,0
DA:58,1
LF:27
LH:9
BRDA:15,0,0,0
BRDA:15,0,1,0
BRDA:28,1,0,0
BRDA:28,1,1,0
BRDA:39,2,0,0
BRDA:39,2,1,0
BRDA:50,3,0,0
BRDA:50,3,1,0
BRF:8
BRH:0
end_of_record
TN:
SF:Routes\NiveauRouter.js
FN:9,(anonymous_0)
FN:10,(anonymous_1)
FN:20,(anonymous_2)
FN:21,(anonymous_3)
FN:36,(anonymous_4)
FN:46,(anonymous_5)
FN:58,(anonymous_6)
FN:59,(anonymous_7)
FN:69,(anonymous_8)
FN:70,(anonymous_9)
FN:80,(anonymous_10)
FN:81,(anonymous_11)
FN:85,(anonymous_12)
FN:97,(anonymous_13)
FN:98,(anonymous_14)
FN:108,(anonymous_15)
FN:109,(anonymous_16)
FNF:17
FNH:0
FNDA:0,(anonymous_0)
FNDA:0,(anonymous_1)
FNDA:0,(anonymous_2)
FNDA:0,(anonymous_3)
FNDA:0,(anonymous_4)
FNDA:0,(anonymous_5)
FNDA:0,(anonymous_6)
FNDA:0,(anonymous_7)
FNDA:0,(anonymous_8)
FNDA:0,(anonymous_9)
FNDA:0,(anonymous_10)
FNDA:0,(anonymous_11)
FNDA:0,(anonymous_12)
FNDA:0,(anonymous_13)
FNDA:0,(anonymous_14)
FNDA:0,(anonymous_15)
FNDA:0,(anonymous_16)
DA:1,1
DA:2,1
DA:3,1
DA:4,1
DA:5,1
DA:6,1
DA:9,1
DA:10,0
DA:11,0
DA:12,0
DA:14,0
DA:20,1
DA:21,0
DA:22,0
DA:26,0
DA:27,0
DA:29,0
DA:30,0
DA:36,1
DA:37,0
DA:38,0
DA:40,0
DA:47,0
DA:48,0
DA:50,0
DA:58,1
DA:59,0
DA:60,0
DA:61,0
DA:63,0
DA:69,1
DA:70,0
DA:71,0
DA:72,0
DA:74,0
DA:80,1
DA:81,0
DA:82,0
DA:83,0
DA:85,0
DA:86,0
DA:87,0
DA:89,0
DA:97,1
DA:98,0
DA:99,0
DA:100,0
DA:102,0
DA:108,1
DA:109,0
DA:110,0
DA:111,0
DA:113,0
DA:118,1
LF:54
LH:15
BRDA:11,0,0,0
BRDA:11,0,1,0
BRDA:26,1,0,0
BRDA:26,1,1,0
BRDA:37,2,0,0
BRDA:37,2,1,0
BRDA:47,3,0,0
BRDA:47,3,1,0
BRDA:60,4,0,0
BRDA:60,4,1,0
BRDA:71,5,0,0
BRDA:71,5,1,0
BRDA:82,6,0,0
BRDA:82,6,1,0
BRDA:86,7,0,0
BRDA:86,7,1,0
BRDA:99,8,0,0
BRDA:99,8,1,0
BRDA:110,9,0,0
BRDA:110,9,1,0
BRF:20
BRH:0
end_of_record
TN:
SF:Routes\NoteRouter.js
FN:7,(anonymous_0)
FN:8,(anonymous_1)
FN:26,(anonymous_2)
FN:27,(anonymous_3)
FN:37,(anonymous_4)
FN:38,(anonymous_5)
FNF:6
FNH:0
FNDA:0,(anonymous_0)
FNDA:0,(anonymous_1)
FNDA:0,(anonymous_2)
FNDA:0,(anonymous_3)
FNDA:0,(anonymous_4)
FNDA:0,(anonymous_5)
DA:1,1
DA:2,1
DA:3,1
DA:4,1
DA:7,1
DA:8,0
DA:9,0
DA:16,0
DA:17,0
DA:19,0
DA:20,0
DA:26,1
DA:27,0
DA:28,0
DA:29,0
DA:31,0
DA:37,1
DA:38,0
DA:39,0
DA:40,0
DA:42,0
DA:47,1
LF:22
LH:8
BRDA:16,0,0,0
BRDA:16,0,1,0
BRDA:28,1,0,0
BRDA:28,1,1,0
BRDA:39,2,0,0
BRDA:39,2,1,0
BRF:6
BRH:0
end_of_record
TN:
SF:Routes\PeriodeRouter.js
FN:7,(anonymous_0)
FN:8,(anonymous_1)
FN:25,(anonymous_2)
FN:26,(anonymous_3)
FN:37,(anonymous_4)
FN:38,(anonymous_5)
FNF:6
FNH:0
FNDA:0,(anonymous_0)
FNDA:0,(anonymous_1)
FNDA:0,(anonymous_2)
FNDA:0,(anonymous_3)
FNDA:0,(anonymous_4)
FNDA:0,(anonymous_5)
DA:1,1
DA:2,1
DA:3,1
DA:4,1
DA:7,1
DA:8,0
DA:9,0
DA:15,0
DA:16,0
DA:18,0
DA:19,0
DA:25,1
DA:26,0
DA:27,0
DA:28,0
DA:30,0
DA:37,1
DA:38,0
DA:39,0
DA:40,0
DA:42,0
DA:47,1
LF:22
LH:8
BRDA:15,0,0,0
BRDA:15,0,1,0
BRDA:27,1,0,0
BRDA:27,1,1,0
BRDA:39,2,0,0
BRDA:39,2,1,0
BRF:6
BRH:0
end_of_record
TN:
SF:Routes\RoleRouter.js
FN:7,(anonymous_0)
FNF:1
FNH:0
FNDA:0,(anonymous_0)
DA:1,1
DA:2,1
DA:3,1
DA:5,1
DA:8,0
DA:9,0
DA:10,0
DA:11,0
DA:14,1
LF:9
LH:5
BRF:0
BRH:0
end_of_record
TN:
SF:Routes\SalleRouter.js
FN:8,(anonymous_0)
FN:9,(anonymous_1)
FN:27,(anonymous_2)
FN:28,(anonymous_3)
FN:38,(anonymous_4)
FN:39,(anonymous_5)
FN:49,(anonymous_6)
FN:50,(anonymous_7)
FNF:8
FNH:0
FNDA:0,(anonymous_0)
FNDA:0,(anonymous_1)
FNDA:0,(anonymous_2)
FNDA:0,(anonymous_3)
FNDA:0,(anonymous_4)
FNDA:0,(anonymous_5)
FNDA:0,(anonymous_6)
FNDA:0,(anonymous_7)
DA:1,1
DA:2,1
DA:3,1
DA:4,1
DA:5,1
DA:8,1
DA:9,0
DA:10,0
DA:16,0
DA:17,0
DA:18,0
DA:20,0
DA:21,0
DA:27,1
DA:28,0
DA:29,0
DA:30,0
DA:32,0
DA:38,1
DA:39,0
DA:40,0
DA:41,0
DA:43,0
DA:49,1
DA:50,0
DA:51,0
DA:52,0
DA:54,0
DA:59,1
LF:29
LH:10
BRDA:16,0,0,0
BRDA:16,0,1,0
BRDA:29,1,0,0
BRDA:29,1,1,0
BRDA:40,2,0,0
BRDA:40,2,1,0
BRDA:51,3,0,0
BRDA:51,3,1,0
BRF:8
BRH:0
end_of_record
TN:
SF:Routes\SeanceRouter.js
FN:11,(anonymous_0)
FN:12,(anonymous_1)
FN:38,(anonymous_2)
FN:39,(anonymous_3)
FN:54,(anonymous_4)
FN:55,(anonymous_5)
FN:70,(anonymous_6)
FN:71,(anonymous_7)
FN:86,(anonymous_8)
FN:87,(anonymous_9)
FNF:10
FNH:0
FNDA:0,(anonymous_0)
FNDA:0,(anonymous_1)
FNDA:0,(anonymous_2)
FNDA:0,(anonymous_3)
FNDA:0,(anonymous_4)
FNDA:0,(anonymous_5)
FNDA:0,(anonymous_6)
FNDA:0,(anonymous_7)
FNDA:0,(anonymous_8)
FNDA:0,(anonymous_9)
DA:1,1
DA:2,1
DA:3,1
DA:4,1
DA:5,1
DA:6,1
DA:7,1
DA:11,1
DA:12,0
DA:13,0
DA:23,0
DA:24,0
DA:26,0
DA:27,0
DA:28,0
DA:29,0
DA:31,0
DA:38,1
DA:39,0
DA:40,0
DA:41,0
DA:42,0
DA:44,0
DA:54,1
DA:55,0
DA:56,0
DA:57,0
DA:58,0
DA:60,0
DA:70,1
DA:71,0
DA:72,0
DA:73,0
DA:74,0
DA:76,0
DA:86,1
DA:87,0
DA:88,0
DA:89,0
DA:91,0
DA:96,1
LF:41
LH:13
BRDA:23,0,0,0
BRDA:23,0,1,0
BRDA:40,1,0,0
BRDA:40,1,1,0
BRDA:56,2,0,0
BRDA:56,2,1,0
BRDA:72,3,0,0
BRDA:72,3,1,0
BRDA:88,4,0,0
BRDA:88,4,1,0
BRF:10
BRH:0
end_of_record
TN:
SF:Routes\SpecialiteRoutes.js
FN:9,(anonymous_0)
FN:10,(anonymous_1)
FN:26,(anonymous_2)
FN:27,(anonymous_3)
FN:37,(anonymous_4)
FN:47,(anonymous_5)
FN:59,(anonymous_6)
FN:60,(anonymous_7)
FN:70,(anonymous_8)
FN:71,(anonymous_9)
FN:81,(anonymous_10)
FN:82,(anonymous_11)
FN:92,(anonymous_12)
FN:93,(anonymous_13)
FN:103,(anonymous_14)
FN:104,(anonymous_15)
FN:108,(anonymous_16)
FNF:17
FNH:0
FNDA:0,(anonymous_0)
FNDA:0,(anonymous_1)
FNDA:0,(anonymous_2)
FNDA:0,(anonymous_3)
FNDA:0,(anonymous_4)
FNDA:0,(anonymous_5)
FNDA:0,(anonymous_6)
FNDA:0,(anonymous_7)
FNDA:0,(anonymous_8)
FNDA:0,(anonymous_9)
FNDA:0,(anonymous_10)
FNDA:0,(anonymous_11)
FNDA:0,(anonymous_12)
FNDA:0,(anonymous_13)
FNDA:0,(anonymous_14)
FNDA:0,(anonymous_15)
FNDA:0,(anonymous_16)
DA:1,1
DA:2,1
DA:3,1
DA:4,1
DA:5,1
DA:6,1
DA:9,1
DA:10,0
DA:11,0
DA:16,0
DA:17,0
DA:19,0
DA:20,0
DA:26,1
DA:27,0
DA:28,0
DA:29,0
DA:31,0
DA:37,1
DA:38,0
DA:39,0
DA:41,0
DA:48,0
DA:49,0
DA:51,0
DA:59,1
DA:60,0
DA:61,0
DA:62,0
DA:64,0
DA:70,1
DA:71,0
DA:72,0
DA:73,0
DA:75,0
DA:81,1
DA:82,0
DA:83,0
DA:84,0
DA:86,0
DA:92,1
DA:93,0
DA:94,0
DA:95,0
DA:97,0
DA:103,1
DA:104,0
DA:105,0
DA:106,0
DA:108,0
DA:109,0
DA:110,0
DA:112,0
DA:119,1
LF:54
LH:15
BRDA:16,0,0,0
BRDA:16,0,1,0
BRDA:28,1,0,0
BRDA:28,1,1,0
BRDA:38,2,0,0
BRDA:38,2,1,0
BRDA:48,3,0,0
BRDA:48,3,1,0
BRDA:61,4,0,0
BRDA:61,4,1,0
BRDA:72,5,0,0
BRDA:72,5,1,0
BRDA:83,6,0,0
BRDA:83,6,1,0
BRDA:94,7,0,0
BRDA:94,7,1,0
BRDA:105,8,0,0
BRDA:105,8,1,0
BRDA:109,9,0,0
BRDA:109,9,1,0
BRF:20
BRH:0
end_of_record
TN:
SF:Routes\UserRouter.js
FN:14,(anonymous_0)
FN:17,(anonymous_1)
FN:22,(anonymous_2)
FN:43,(anonymous_3)
FN:44,(anonymous_4)
FN:56,(anonymous_5)
FN:57,(anonymous_6)
FN:69,(anonymous_7)
FN:70,(anonymous_8)
FN:85,(anonymous_9)
FN:88,(anonymous_10)
FN:123,(anonymous_11)
FN:124,(anonymous_12)
FN:140,(anonymous_13)
FN:141,(anonymous_14)
FN:154,(anonymous_15)
FN:155,(anonymous_16)
FN:165,(anonymous_17)
FN:166,(anonymous_18)
FN:176,(anonymous_19)
FN:177,(anonymous_20)
FN:181,(anonymous_21)
FN:193,(anonymous_22)
FN:194,(anonymous_23)
FN:217,(anonymous_24)
FN:220,(anonymous_25)
FN:231,(anonymous_26)
FN:232,(anonymous_27)
FN:245,(anonymous_28)
FN:246,(anonymous_29)
FN:255,(anonymous_30)
FN:264,(anonymous_31)
FN:269,(anonymous_32)
FN:274,(anonymous_33)
FN:280,(anonymous_34)
FN:294,(anonymous_35)
FN:296,(anonymous_36)
FN:306,(anonymous_37)
FN:308,(anonymous_38)
FN:317,(anonymous_39)
FN:330,(anonymous_40)
FN:335,(anonymous_41)
FN:341,(anonymous_42)
FN:347,(anonymous_43)
FN:743,(anonymous_44)
FN:761,(anonymous_45)
FN:763,(anonymous_46)
FN:773,(anonymous_47)
FN:775,(anonymous_48)
FN:784,(anonymous_49)
FN:798,(anonymous_50)
FN:803,(anonymous_51)
FN:808,(anonymous_52)
FN:814,(anonymous_53)
FN:1210,(anonymous_54)
FN:1228,(anonymous_55)
FN:1230,(anonymous_56)
FN:1240,(anonymous_57)
FN:1242,(anonymous_58)
FN:1249,(anonymous_59)
FN:1251,(anonymous_60)
FN:1261,(anonymous_61)
FN:1263,(anonymous_62)
FN:1273,(anonymous_63)
FN:1274,(anonymous_64)
FN:1284,(anonymous_65)
FN:1286,(anonymous_66)
FN:1298,(anonymous_67)
FN:1310,(anonymous_68)
FN:1315,(anonymous_69)
FN:1320,(anonymous_70)
FN:1326,(anonymous_71)
FN:1722,(anonymous_72)
FN:1740,(anonymous_73)
FN:1742,(anonymous_74)
FN:1752,(anonymous_75)
FN:1754,(anonymous_76)
FN:1764,(anonymous_77)
FN:1766,(anonymous_78)
FN:1773,(anonymous_79)
FN:1775,(anonymous_80)
FN:1786,(anonymous_81)
FN:1800,(anonymous_82)
FN:1805,(anonymous_83)
FN:1810,(anonymous_84)
FN:1816,(anonymous_85)
FN:2212,(anonymous_86)
FN:2230,(anonymous_87)
FN:2232,(anonymous_88)
FN:2242,(anonymous_89)
FN:2244,(anonymous_90)
FN:2251,(anonymous_91)
FN:2253,(anonymous_92)
FN:2263,(anonymous_93)
FN:2265,(anonymous_94)
FNF:95
FNH:0
FNDA:0,(anonymous_0)
FNDA:0,(anonymous_1)
FNDA:0,(anonymous_2)
FNDA:0,(anonymous_3)
FNDA:0,(anonymous_4)
FNDA:0,(anonymous_5)
FNDA:0,(anonymous_6)
FNDA:0,(anonymous_7)
FNDA:0,(anonymous_8)
FNDA:0,(anonymous_9)
FNDA:0,(anonymous_10)
FNDA:0,(anonymous_11)
FNDA:0,(anonymous_12)
FNDA:0,(anonymous_13)
FNDA:0,(anonymous_14)
FNDA:0,(anonymous_15)
FNDA:0,(anonymous_16)
FNDA:0,(anonymous_17)
FNDA:0,(anonymous_18)
FNDA:0,(anonymous_19)
FNDA:0,(anonymous_20)
FNDA:0,(anonymous_21)
FNDA:0,(anonymous_22)
FNDA:0,(anonymous_23)
FNDA:0,(anonymous_24)
FNDA:0,(anonymous_25)
FNDA:0,(anonymous_26)
FNDA:0,(anonymous_27)
FNDA:0,(anonymous_28)
FNDA:0,(anonymous_29)
FNDA:0,(anonymous_30)
FNDA:0,(anonymous_31)
FNDA:0,(anonymous_32)
FNDA:0,(anonymous_33)
FNDA:0,(anonymous_34)
FNDA:0,(anonymous_35)
FNDA:0,(anonymous_36)
FNDA:0,(anonymous_37)
FNDA:0,(anonymous_38)
FNDA:0,(anonymous_39)
FNDA:0,(anonymous_40)
FNDA:0,(anonymous_41)
FNDA:0,(anonymous_42)
FNDA:0,(anonymous_43)
FNDA:0,(anonymous_44)
FNDA:0,(anonymous_45)
FNDA:0,(anonymous_46)
FNDA:0,(anonymous_47)
FNDA:0,(anonymous_48)
FNDA:0,(anonymous_49)
FNDA:0,(anonymous_50)
FNDA:0,(anonymous_51)
FNDA:0,(anonymous_52)
FNDA:0,(anonymous_53)
FNDA:0,(anonymous_54)
FNDA:0,(anonymous_55)
FNDA:0,(anonymous_56)
FNDA:0,(anonymous_57)
FNDA:0,(anonymous_58)
FNDA:0,(anonymous_59)
FNDA:0,(anonymous_60)
FNDA:0,(anonymous_61)
FNDA:0,(anonymous_62)
FNDA:0,(anonymous_63)
FNDA:0,(anonymous_64)
FNDA:0,(anonymous_65)
FNDA:0,(anonymous_66)
FNDA:0,(anonymous_67)
FNDA:0,(anonymous_68)
FNDA:0,(anonymous_69)
FNDA:0,(anonymous_70)
FNDA:0,(anonymous_71)
FNDA:0,(anonymous_72)
FNDA:0,(anonymous_73)
FNDA:0,(anonymous_74)
FNDA:0,(anonymous_75)
FNDA:0,(anonymous_76)
FNDA:0,(anonymous_77)
FNDA:0,(anonymous_78)
FNDA:0,(anonymous_79)
FNDA:0,(anonymous_80)
FNDA:0,(anonymous_81)
FNDA:0,(anonymous_82)
FNDA:0,(anonymous_83)
FNDA:0,(anonymous_84)
FNDA:0,(anonymous_85)
FNDA:0,(anonymous_86)
FNDA:0,(anonymous_87)
FNDA:0,(anonymous_88)
FNDA:0,(anonymous_89)
FNDA:0,(anonymous_90)
FNDA:0,(anonymous_91)
FNDA:0,(anonymous_92)
FNDA:0,(anonymous_93)
FNDA:0,(anonymous_94)
DA:1,1
DA:2,1
DA:3,1
DA:4,1
DA:5,1
DA:6,1
DA:7,1
DA:8,1
DA:9,1
DA:10,1
DA:13,1
DA:15,0
DA:18,0
DA:22,1
DA:23,0
DA:28,0
DA:30,0
DA:34,1
DA:43,1
DA:44,0
DA:45,0
DA:46,0
DA:47,0
DA:48,0
DA:50,0
DA:56,1
DA:57,0
DA:58,0
DA:59,0
DA:60,0
DA:61,0
DA:63,0
DA:69,1
DA:70,0
DA:71,0
DA:72,0
DA:73,0
DA:74,0
DA:75,0
DA:77,0
DA:85,1
DA:86,0
DA:89,0
DA:90,0
DA:91,0
DA:93,0
DA:94,0
DA:96,0
DA:97,0
DA:98,0
DA:103,0
DA:106,0
DA:107,0
DA:108,0
DA:110,0
DA:111,0
DA:123,1
DA:124,0
DA:125,0
DA:126,0
DA:127,0
DA:128,0
DA:129,0
DA:131,0
DA:132,0
DA:133,0
DA:134,0
DA:140,1
DA:141,0
DA:142,0
DA:143,0
DA:145,0
DA:146,0
DA:147,0
DA:148,0
DA:154,1
DA:155,0
DA:156,0
DA:157,0
DA:159,0
DA:165,1
DA:166,0
DA:167,0
DA:168,0
DA:170,0
DA:176,1
DA:177,0
DA:178,0
DA:179,0
DA:181,0
DA:182,0
DA:183,0
DA:185,0
DA:193,1
DA:194,0
DA:195,0
DA:196,0
DA:197,0
DA:198,0
DA:199,0
DA:200,0
DA:201,0
DA:202,0
DA:203,0
DA:205,0
DA:206,0
DA:208,0
DA:209,0
DA:210,0
DA:217,1
DA:218,0
DA:219,0
DA:220,0
DA:221,0
DA:222,0
DA:224,0
DA:231,1
DA:232,0
DA:233,0
DA:234,0
DA:235,0
DA:236,0
DA:238,0
DA:245,1
DA:246,0
DA:247,0
DA:248,0
DA:255,1
DA:256,0
DA:264,0
DA:265,0
DA:266,0
DA:267,0
DA:269,0
DA:270,0
DA:271,0
DA:272,0
DA:274,0
DA:275,0
DA:276,0
DA:277,0
DA:279,0
DA:280,0
DA:281,0
DA:282,0
DA:283,0
DA:285,0
DA:294,1
DA:295,0
DA:296,0
DA:297,0
DA:298,0
DA:300,0
DA:306,1
DA:307,0
DA:308,0
DA:309,0
DA:310,0
DA:317,1
DA:318,0
DA:330,0
DA:331,0
DA:332,0
DA:333,0
DA:335,0
DA:336,0
DA:337,0
DA:338,0
DA:339,0
DA:341,0
DA:342,0
DA:343,0
DA:344,0
DA:346,0
DA:347,0
DA:348,0
DA:349,0
DA:350,0
DA:352,0
DA:359,0
DA:743,0
DA:744,0
DA:745,0
DA:746,0
DA:748,0
DA:749,0
DA:752,0
DA:761,1
DA:762,0
DA:763,0
DA:764,0
DA:765,0
DA:767,0
DA:773,1
DA:774,0
DA:775,0
DA:776,0
DA:777,0
DA:784,1
DA:785,0
DA:798,0
DA:799,0
DA:800,0
DA:801,0
DA:803,0
DA:804,0
DA:805,0
DA:806,0
DA:808,0
DA:809,0
DA:810,0
DA:811,0
DA:813,0
DA:814,0
DA:815,0
DA:816,0
DA:817,0
DA:819,0
DA:826,0
DA:1210,0
DA:1211,0
DA:1212,0
DA:1213,0
DA:1215,0
DA:1216,0
DA:1219,0
DA:1228,1
DA:1229,0
DA:1230,0
DA:1231,0
DA:1232,0
DA:1234,0
DA:1240,1
DA:1241,0
DA:1242,0
DA:1243,0
DA:1244,0
DA:1249,1
DA:1250,0
DA:1251,0
DA:1252,0
DA:1253,0
DA:1255,0
DA:1261,1
DA:1262,0
DA:1263,0
DA:1264,0
DA:1265,0
DA:1267,0
DA:1273,1
DA:1274,0
DA:1275,0
DA:1276,0
DA:1278,0
DA:1284,1
DA:1285,0
DA:1286,0
DA:1287,0
DA:1288,0
DA:1290,0
DA:1298,1
DA:1299,0
DA:1310,0
DA:1311,0
DA:1312,0
DA:1313,0
DA:1315,0
DA:1316,0
DA:1317,0
DA:1318,0
DA:1320,0
DA:1321,0
DA:1322,0
DA:1323,0
DA:1325,0
DA:1326,0
DA:1327,0
DA:1328,0
DA:1329,0
DA:1331,0
DA:1338,0
DA:1722,0
DA:1723,0
DA:1724,0
DA:1725,0
DA:1727,0
DA:1728,0
DA:1731,0
DA:1740,1
DA:1741,0
DA:1742,0
DA:1743,0
DA:1744,0
DA:1746,0
DA:1752,1
DA:1753,0
DA:1754,0
DA:1755,0
DA:1756,0
DA:1758,0
DA:1764,1
DA:1765,0
DA:1766,0
DA:1767,0
DA:1768,0
DA:1773,1
DA:1774,0
DA:1775,0
DA:1776,0
DA:1777,0
DA:1779,0
DA:1786,1
DA:1787,0
DA:1800,0
DA:1801,0
DA:1802,0
DA:1803,0
DA:1805,0
DA:1806,0
DA:1807,0
DA:1808,0
DA:1810,0
DA:1811,0
DA:1812,0
DA:1813,0
DA:1815,0
DA:1816,0
DA:1817,0
DA:1818,0
DA:1819,0
DA:1821,0
DA:1828,0
DA:2212,0
DA:2213,0
DA:2214,0
DA:2215,0
DA:2217,0
DA:2218,0
DA:2221,0
DA:2230,1
DA:2231,0
DA:2232,0
DA:2233,0
DA:2234,0
DA:2236,0
DA:2242,1
DA:2243,0
DA:2244,0
DA:2245,0
DA:2246,0
DA:2251,1
DA:2252,0
DA:2253,0
DA:2254,0
DA:2255,0
DA:2257,0
DA:2263,1
DA:2264,0
DA:2265,0
DA:2266,0
DA:2267,0
DA:2269,0
DA:2274,1
LF:363
LH:50
BRDA:23,0,0,0
BRDA:23,0,1,0
BRDA:24,1,0,0
BRDA:24,1,1,0
BRDA:24,1,2,0
BRDA:47,2,0,0
BRDA:47,2,1,0
BRDA:60,3,0,0
BRDA:60,3,1,0
BRDA:73,4,0,0
BRDA:73,4,1,0
BRDA:89,5,0,0
BRDA:89,5,1,0
BRDA:93,6,0,0
BRDA:93,6,1,0
BRDA:93,7,0,0
BRDA:93,7,1,0
BRDA:97,8,0,0
BRDA:97,8,1,0
BRDA:128,9,0,0
BRDA:128,9,1,0
BRDA:128,10,0,0
BRDA:128,10,1,0
BRDA:128,10,2,0
BRDA:142,11,0,0
BRDA:142,11,1,0
BRDA:142,12,0,0
BRDA:142,12,1,0
BRDA:156,13,0,0
BRDA:156,13,1,0
BRDA:167,14,0,0
BRDA:167,14,1,0
BRDA:178,15,0,0
BRDA:178,15,1,0
BRDA:182,16,0,0
BRDA:182,16,1,0
BRDA:195,17,0,0
BRDA:195,17,1,0
BRDA:218,18,0,0
BRDA:218,18,1,0
BRDA:221,19,0,0
BRDA:221,19,1,0
BRDA:233,20,0,0
BRDA:233,20,1,0
BRDA:265,21,0,0
BRDA:265,21,1,0
BRDA:270,22,0,0
BRDA:270,22,1,0
BRDA:275,23,0,0
BRDA:275,23,1,0
BRDA:281,24,0,0
BRDA:281,24,1,0
BRDA:297,25,0,0
BRDA:297,25,1,0
BRDA:331,26,0,0
BRDA:331,26,1,0
BRDA:336,27,0,0
BRDA:336,27,1,0
BRDA:342,28,0,0
BRDA:342,28,1,0
BRDA:348,29,0,0
BRDA:348,29,1,0
BRDA:744,30,0,0
BRDA:744,30,1,0
BRDA:764,31,0,0
BRDA:764,31,1,0
BRDA:799,32,0,0
BRDA:799,32,1,0
BRDA:804,33,0,0
BRDA:804,33,1,0
BRDA:809,34,0,0
BRDA:809,34,1,0
BRDA:815,35,0,0
BRDA:815,35,1,0
BRDA:1211,36,0,0
BRDA:1211,36,1,0
BRDA:1231,37,0,0
BRDA:1231,37,1,0
BRDA:1252,38,0,0
BRDA:1252,38,1,0
BRDA:1264,39,0,0
BRDA:1264,39,1,0
BRDA:1275,40,0,0
BRDA:1275,40,1,0
BRDA:1287,41,0,0
BRDA:1287,41,1,0
BRDA:1311,42,0,0
BRDA:1311,42,1,0
BRDA:1316,43,0,0
BRDA:1316,43,1,0
BRDA:1321,44,0,0
BRDA:1321,44,1,0
BRDA:1327,45,0,0
BRDA:1327,45,1,0
BRDA:1723,46,0,0
BRDA:1723,46,1,0
BRDA:1743,47,0,0
BRDA:1743,47,1,0
BRDA:1755,48,0,0
BRDA:1755,48,1,0
BRDA:1776,49,0,0
BRDA:1776,49,1,0
BRDA:1801,50,0,0
BRDA:1801,50,1,0
BRDA:1806,51,0,0
BRDA:1806,51,1,0
BRDA:1811,52,0,0
BRDA:1811,52,1,0
BRDA:1817,53,0,0
BRDA:1817,53,1,0
BRDA:2213,54,0,0
BRDA:2213,54,1,0
BRDA:2233,55,0,0
BRDA:2233,55,1,0
BRDA:2254,56,0,0
BRDA:2254,56,1,0
BRDA:2266,57,0,0
BRDA:2266,57,1,0
BRF:118
BRH:0
end_of_record
